Using pre-set license
Built from '2021.3/staging' branch; Version is '2021.3.21f1 (1b156197d683) revision 1774945'; Using compiler version '192829333'; Build Type 'Release'
OS: 'Windows 11  (10.0.22621) 64bit Core' Language: 'ko' Physical Memory: 8001 MB
BatchMode: 1, IsHumanControllingUs: 0, StartBugReporterOnCrash: 0, Is64bit: 1, IsPro: 1

COMMAND LINE ARGUMENTS:
C:\Program Files\Unity\Hub\Editor\2021.3.21f1\Editor\Unity.exe
-adb2
-batchMode
-noUpm
-name
AssetImportWorker0
-projectPath
C:/Users/wldn1/OneDrive/바탕 화면/git/Carbon-Footprint/Carbon-footprint
-logFile
Logs/AssetImportWorker0.log
-srvPort
64517
Successfully changed project path to: C:/Users/wldn1/OneDrive/바탕 화면/git/Carbon-Footprint/Carbon-footprint
C:/Users/wldn1/OneDrive/바탕 화면/git/Carbon-Footprint/Carbon-footprint
[UnityMemory] Configuration Parameters - Can be set up in boot.config
    "memorysetup-bucket-allocator-granularity=16"
    "memorysetup-bucket-allocator-bucket-count=8"
    "memorysetup-bucket-allocator-block-size=33554432"
    "memorysetup-bucket-allocator-block-count=8"
    "memorysetup-main-allocator-block-size=16777216"
    "memorysetup-thread-allocator-block-size=16777216"
    "memorysetup-gfx-main-allocator-block-size=16777216"
    "memorysetup-gfx-thread-allocator-block-size=16777216"
    "memorysetup-cache-allocator-block-size=4194304"
    "memorysetup-typetree-allocator-block-size=2097152"
    "memorysetup-profiler-bucket-allocator-granularity=16"
    "memorysetup-profiler-bucket-allocator-bucket-count=8"
    "memorysetup-profiler-bucket-allocator-block-size=33554432"
    "memorysetup-profiler-bucket-allocator-block-count=8"
    "memorysetup-profiler-allocator-block-size=16777216"
    "memorysetup-profiler-editor-allocator-block-size=1048576"
    "memorysetup-temp-allocator-size-main=16777216"
    "memorysetup-job-temp-allocator-block-size=2097152"
    "memorysetup-job-temp-allocator-block-size-background=1048576"
    "memorysetup-job-temp-allocator-reduction-small-platforms=262144"
    "memorysetup-temp-allocator-size-background-worker=32768"
    "memorysetup-temp-allocator-size-job-worker=262144"
    "memorysetup-temp-allocator-size-preload-manager=33554432"
    "memorysetup-temp-allocator-size-nav-mesh-worker=65536"
    "memorysetup-temp-allocator-size-audio-worker=65536"
    "memorysetup-temp-allocator-size-cloud-worker=32768"
    "memorysetup-temp-allocator-size-gi-baking-worker=262144"
    "memorysetup-temp-allocator-size-gfx=262144"
Player connection [21936] Host "[IP] 172.29.89.185 [Port] 0 [Flags] 2 [Guid] 2154421961 [EditorId] 2154421961 [Version] 1048832 [Id] WindowsEditor(7,LAPTOP-VUUCGFJ1) [Debug] 1 [PackageName] WindowsEditor [ProjectName] Editor" joined multi-casting on [225.0.0.222:54997]...

Player connection [21936] Host "[IP] 172.29.89.185 [Port] 0 [Flags] 2 [Guid] 2154421961 [EditorId] 2154421961 [Version] 1048832 [Id] WindowsEditor(7,LAPTOP-VUUCGFJ1) [Debug] 1 [PackageName] WindowsEditor [ProjectName] Editor" joined alternative multi-casting on [225.0.0.222:34997]...

Refreshing native plugins compatible for Editor in 333.78 ms, found 3 plugins.
Preloading 0 native plugins for Editor in 0.00 ms.
Initialize engine version: 2021.3.21f1 (1b156197d683)
[Subsystems] Discovering subsystems at path C:/Program Files/Unity/Hub/Editor/2021.3.21f1/Editor/Data/Resources/UnitySubsystems
[Subsystems] Discovering subsystems at path C:/Users/wldn1/OneDrive/바탕 화면/git/Carbon-Footprint/Carbon-footprint/Assets
GfxDevice: creating device client; threaded=0; jobified=0
Direct3D:
    Version:  Direct3D 11.0 [level 11.1]
    Renderer: Intel(R) UHD Graphics (ID=0x9b41)
    Vendor:   Intel
    VRAM:     4000 MB
    Driver:   26.20.100.7870
Initialize mono
Mono path[0] = 'C:/Program Files/Unity/Hub/Editor/2021.3.21f1/Editor/Data/Managed'
Mono path[1] = 'C:/Program Files/Unity/Hub/Editor/2021.3.21f1/Editor/Data/MonoBleedingEdge/lib/mono/unityjit-win32'
Mono config path = 'C:/Program Files/Unity/Hub/Editor/2021.3.21f1/Editor/Data/MonoBleedingEdge/etc'
Using monoOptions --debugger-agent=transport=dt_socket,embedding=1,server=y,suspend=n,address=127.0.0.1:56256
Begin MonoManager ReloadAssembly
Registering precompiled unity dll's ...
Register platform support module: C:/Program Files/Unity/Hub/Editor/2021.3.21f1/Editor/Data/PlaybackEngines/WindowsStandaloneSupport/UnityEditor.WindowsStandalone.Extensions.dll
Registered in 0.005590 seconds.
Native extension for WindowsStandalone target not found
Refreshing native plugins compatible for Editor in 257.08 ms, found 3 plugins.
Preloading 0 native plugins for Editor in 0.00 ms.
Mono: successfully reloaded assembly
- Completed reload, in  1.037 seconds
Domain Reload Profiling:
	ReloadAssembly (1038ms)
		BeginReloadAssembly (162ms)
			ExecutionOrderSort (0ms)
			DisableScriptedObjects (0ms)
			BackupInstance (0ms)
			ReleaseScriptingObjects (0ms)
			CreateAndSetChildDomain (1ms)
		EndReloadAssembly (751ms)
			LoadAssemblies (160ms)
			RebuildTransferFunctionScriptingTraits (0ms)
			SetupTypeCache (140ms)
			ReleaseScriptCaches (0ms)
			RebuildScriptCaches (38ms)
			SetupLoadedEditorAssemblies (503ms)
				LogAssemblyErrors (0ms)
				InitializePlatformSupportModulesInManaged (9ms)
				SetLoadedEditorAssemblies (0ms)
				RefreshPlugins (257ms)
				BeforeProcessingInitializeOnLoad (2ms)
				ProcessInitializeOnLoadAttributes (175ms)
				ProcessInitializeOnLoadMethodAttributes (60ms)
				AfterProcessingInitializeOnLoad (0ms)
				EditorAssembliesLoaded (0ms)
			ExecutionOrderSort2 (0ms)
			AwakeInstancesAfterBackupRestoration (0ms)
Platform modules already initialized, skipping
Registering precompiled user dll's ...
Registered in 0.045739 seconds.
Begin MonoManager ReloadAssembly
Native extension for WindowsStandalone target not found
Refreshing native plugins compatible for Editor in 1.78 ms, found 3 plugins.
Preloading 0 native plugins for Editor in 0.00 ms.
Mono: successfully reloaded assembly
- Completed reload, in  3.310 seconds
Domain Reload Profiling:
	ReloadAssembly (3312ms)
		BeginReloadAssembly (220ms)
			ExecutionOrderSort (0ms)
			DisableScriptedObjects (13ms)
			BackupInstance (0ms)
			ReleaseScriptingObjects (0ms)
			CreateAndSetChildDomain (34ms)
		EndReloadAssembly (2660ms)
			LoadAssemblies (497ms)
			RebuildTransferFunctionScriptingTraits (0ms)
			SetupTypeCache (668ms)
			ReleaseScriptCaches (1ms)
			RebuildScriptCaches (306ms)
			SetupLoadedEditorAssemblies (1076ms)
				LogAssemblyErrors (0ms)
				InitializePlatformSupportModulesInManaged (12ms)
				SetLoadedEditorAssemblies (1ms)
				RefreshPlugins (2ms)
				BeforeProcessingInitializeOnLoad (248ms)
				ProcessInitializeOnLoadAttributes (706ms)
				ProcessInitializeOnLoadMethodAttributes (95ms)
				AfterProcessingInitializeOnLoad (11ms)
				EditorAssembliesLoaded (1ms)
			ExecutionOrderSort2 (0ms)
			AwakeInstancesAfterBackupRestoration (14ms)
Platform modules already initialized, skipping
========================================================================
Worker process is ready to serve import requests
Launched and connected shader compiler UnityShaderCompiler.exe after 0.10 seconds
Refreshing native plugins compatible for Editor in 1.62 ms, found 3 plugins.
Preloading 0 native plugins for Editor in 0.00 ms.
Unloading 4945 Unused Serialized files (Serialized files now loaded: 0)
Unloading 40 unused Assets / (56.1 KB). Loaded Objects now: 5394.
Memory consumption went from 185.9 MB to 185.9 MB.
Total: 6.930100 ms (FindLiveObjects: 0.578100 ms CreateObjectMapping: 0.502000 ms MarkObjects: 5.654800 ms  DeleteObjects: 0.193100 ms)

AssetImportParameters requested are different than current active one (requested -> active):
  custom:video-decoder-ogg-theora: a1e56fd34408186e4bbccfd4996cb3dc -> 
  custom:container-muxer-webm: aa71ff27fc2769a1b78a27578f13a17b -> 
  custom:container-demuxer-webm: 4f35f7cbe854078d1ac9338744f61a02 -> 
  custom:video-encoder-webm-vp8: eb34c28f22e8b96e1ab97ce403110664 -> 
  custom:video-codec-MediaFoundation-h265: 746d11721c4dcdbdad8f713fa42b33f4 -> 
  custom:audio-encoder-webm-vorbis: bf7c407c2cedff20999df2af8eb42d56 -> 
  custom:framework-win-MediaFoundation: 216162199b28c13a410421893ffa2e32 -> 
  custom:container-demuxer-ogg: 62fdf1f143b41e24485cea50d1cbac27 -> 
  custom:video-decoder-webm-vp8: 9c59270c3fd7afecdb556c50c9e8de78 -> 
  custom:audio-decoder-ogg-vorbis: bf7c407c2cedff20999df2af8eb42d56 -> 
========================================================================
Received Import Request.
  Time since last request: 175961.614939 seconds.
  path: Assets/Art/Bolt 2D JellyFarm VE2/App Icon.png
  artifactKey: Guid(2d5a187c329e5f840b248842b9743eb7) Importer(815301076,1909f56bfc062723c751e8b465ee728b)
Start importing Assets/Art/Bolt 2D JellyFarm VE2/App Icon.png using Guid(2d5a187c329e5f840b248842b9743eb7) Importer(815301076,1909f56bfc062723c751e8b465ee728b)  -> (artifact id: '739ff7629de3ae7c2cce4b111153092d') in 0.394361 seconds 
========================================================================
Received Import Request.
  Time since last request: 0.000154 seconds.
  path: Assets/Art/Bolt 2D JellyFarm VE2/Readme.asset
  artifactKey: Guid(fb5a1caba0624ad4b88a57dcc2c48c11) Importer(815301076,1909f56bfc062723c751e8b465ee728b)
Start importing Assets/Art/Bolt 2D JellyFarm VE2/Readme.asset using Guid(fb5a1caba0624ad4b88a57dcc2c48c11) Importer(815301076,1909f56bfc062723c751e8b465ee728b)  -> (artifact id: '00f049f3c392546b7775f0c9ec097a65') in 0.036956 seconds 
========================================================================
Received Import Request.
  Time since last request: 4.062140 seconds.
  path: Assets/DefaultNetworkPrefabs.asset
  artifactKey: Guid(5f7e4ed0ced46484c9bdef31f895eee1) Importer(815301076,1909f56bfc062723c751e8b465ee728b)
Start importing Assets/DefaultNetworkPrefabs.asset using Guid(5f7e4ed0ced46484c9bdef31f895eee1) Importer(815301076,1909f56bfc062723c751e8b465ee728b)  -> (artifact id: '6a1b69cab549348320af8081e3769538') in 0.013176 seconds 
========================================================================
Received Import Request.
  Time since last request: 7.958870 seconds.
  path: Assets/Scenes
  artifactKey: Guid(6ea315d0fd7389c41b19996891e99ae3) Importer(815301076,1909f56bfc062723c751e8b465ee728b)
Start importing Assets/Scenes using Guid(6ea315d0fd7389c41b19996891e99ae3) Importer(815301076,1909f56bfc062723c751e8b465ee728b)  -> (artifact id: 'bc172811d573b296104adb4d2728db37') in 0.017343 seconds 
========================================================================
Received Import Request.
  Time since last request: 3.479113 seconds.
  path: Assets/Scenes/GamePalyScene2.unity
  artifactKey: Guid(0dc20a381ae25d54ca31cc9a2bd7ce45) Importer(815301076,1909f56bfc062723c751e8b465ee728b)
Start importing Assets/Scenes/GamePalyScene2.unity using Guid(0dc20a381ae25d54ca31cc9a2bd7ce45) Importer(815301076,1909f56bfc062723c751e8b465ee728b)  -> (artifact id: '9bb92697b175277b917fe20f0b9e8c62') in 0.018788 seconds 
========================================================================
Received Import Request.
  Time since last request: 6.704541 seconds.
  path: Assets/Scenes/GamePlaySene 2.unity
  artifactKey: Guid(3f6b6d3c075634cc18a2ad5427a8f204) Importer(815301076,1909f56bfc062723c751e8b465ee728b)
Start importing Assets/Scenes/GamePlaySene 2.unity using Guid(3f6b6d3c075634cc18a2ad5427a8f204) Importer(815301076,1909f56bfc062723c751e8b465ee728b)  -> (artifact id: '60eb1b73ca6c7751d9fd33122ae122c2') in 0.022872 seconds 
========================================================================
Received Import Request.
  Time since last request: 1.266526 seconds.
  path: Assets/Scenes/GamePlaySene 3.unity
  artifactKey: Guid(cf9bc9d620cbc44669bcba983482685c) Importer(815301076,1909f56bfc062723c751e8b465ee728b)
Start importing Assets/Scenes/GamePlaySene 3.unity using Guid(cf9bc9d620cbc44669bcba983482685c) Importer(815301076,1909f56bfc062723c751e8b465ee728b)  -> (artifact id: '5749ebb11047d6561561c100c6598c93') in 0.021622 seconds 
========================================================================
Received Import Request.
  Time since last request: 0.518496 seconds.
  path: Assets/Scenes/GamePlaySene.unity
  artifactKey: Guid(e9b79afd218d54710954a15ee592411e) Importer(815301076,1909f56bfc062723c751e8b465ee728b)
Start importing Assets/Scenes/GamePlaySene.unity using Guid(e9b79afd218d54710954a15ee592411e) Importer(815301076,1909f56bfc062723c751e8b465ee728b)  -> (artifact id: 'f39afac574452e232a12dd2e8d9569a7') in 0.024411 seconds 
========================================================================
Received Import Request.
  Time since last request: 0.474525 seconds.
  path: Assets/Scenes/MainGameScene.unity
  artifactKey: Guid(9fc0d4010bbf28b4594072e72b8655ab) Importer(815301076,1909f56bfc062723c751e8b465ee728b)
Start importing Assets/Scenes/MainGameScene.unity using Guid(9fc0d4010bbf28b4594072e72b8655ab) Importer(815301076,1909f56bfc062723c751e8b465ee728b)  -> (artifact id: '1ec7531eeb2545503fece73493f3a2e3') in 0.025979 seconds 
========================================================================
Received Import Request.
  Time since last request: 0.485605 seconds.
  path: Assets/Scenes/TitleScene.unity
  artifactKey: Guid(71291215bc6827a4780b742a9d0301b5) Importer(815301076,1909f56bfc062723c751e8b465ee728b)
Start importing Assets/Scenes/TitleScene.unity using Guid(71291215bc6827a4780b742a9d0301b5) Importer(815301076,1909f56bfc062723c751e8b465ee728b)  -> (artifact id: '1945e786486208fe4d49e855e3a82ae3') in 0.021214 seconds 
========================================================================
Received Import Request.
  Time since last request: 0.588890 seconds.
  path: Assets/Scenes/WaitingRoomScene.unity
  artifactKey: Guid(7a75026909f14ba4f8d6713a23a50b1d) Importer(815301076,1909f56bfc062723c751e8b465ee728b)
Start importing Assets/Scenes/WaitingRoomScene.unity using Guid(7a75026909f14ba4f8d6713a23a50b1d) Importer(815301076,1909f56bfc062723c751e8b465ee728b)  -> (artifact id: 'cff7a0090fe08a37a68a65c05eeed2f1') in 0.021358 seconds 
