Using pre-set license
Built from '2021.3/staging' branch; Version is '2021.3.21f1 (1b156197d683) revision 1774945'; Using compiler version '192829333'; Build Type 'Release'
OS: 'Windows 11  (10.0.22621) 64bit Core' Language: 'ko' Physical Memory: 8001 MB
BatchMode: 1, IsHumanControllingUs: 0, StartBugReporterOnCrash: 0, Is64bit: 1, IsPro: 1

COMMAND LINE ARGUMENTS:
C:\Program Files\Unity\Hub\Editor\2021.3.21f1\Editor\Unity.exe
-adb2
-batchMode
-noUpm
-name
AssetImportWorker13
-projectPath
C:/Users/wldn1/OneDrive/바탕 화면/git/Carbon-Footprint/Carbon-footprint
-logFile
Logs/AssetImportWorker13.log
-srvPort
49247
Successfully changed project path to: C:/Users/wldn1/OneDrive/바탕 화면/git/Carbon-Footprint/Carbon-footprint
C:/Users/wldn1/OneDrive/바탕 화면/git/Carbon-Footprint/Carbon-footprint
[UnityMemory] Configuration Parameters - Can be set up in boot.config
    "memorysetup-bucket-allocator-granularity=16"
    "memorysetup-bucket-allocator-bucket-count=8"
    "memorysetup-bucket-allocator-block-size=33554432"
    "memorysetup-bucket-allocator-block-count=8"
    "memorysetup-main-allocator-block-size=16777216"
    "memorysetup-thread-allocator-block-size=16777216"
    "memorysetup-gfx-main-allocator-block-size=16777216"
    "memorysetup-gfx-thread-allocator-block-size=16777216"
    "memorysetup-cache-allocator-block-size=4194304"
    "memorysetup-typetree-allocator-block-size=2097152"
    "memorysetup-profiler-bucket-allocator-granularity=16"
    "memorysetup-profiler-bucket-allocator-bucket-count=8"
    "memorysetup-profiler-bucket-allocator-block-size=33554432"
    "memorysetup-profiler-bucket-allocator-block-count=8"
    "memorysetup-profiler-allocator-block-size=16777216"
    "memorysetup-profiler-editor-allocator-block-size=1048576"
    "memorysetup-temp-allocator-size-main=16777216"
    "memorysetup-job-temp-allocator-block-size=2097152"
    "memorysetup-job-temp-allocator-block-size-background=1048576"
    "memorysetup-job-temp-allocator-reduction-small-platforms=262144"
    "memorysetup-temp-allocator-size-background-worker=32768"
    "memorysetup-temp-allocator-size-job-worker=262144"
    "memorysetup-temp-allocator-size-preload-manager=33554432"
    "memorysetup-temp-allocator-size-nav-mesh-worker=65536"
    "memorysetup-temp-allocator-size-audio-worker=65536"
    "memorysetup-temp-allocator-size-cloud-worker=32768"
    "memorysetup-temp-allocator-size-gi-baking-worker=262144"
    "memorysetup-temp-allocator-size-gfx=262144"
Player connection [7664] Host "[IP] 172.30.1.52 [Port] 0 [Flags] 2 [Guid] 3949449643 [EditorId] 3949449643 [Version] 1048832 [Id] WindowsEditor(7,LAPTOP-VUUCGFJ1) [Debug] 1 [PackageName] WindowsEditor [ProjectName] Editor" joined multi-casting on [225.0.0.222:54997]...

Player connection [7664] Host "[IP] 172.30.1.52 [Port] 0 [Flags] 2 [Guid] 3949449643 [EditorId] 3949449643 [Version] 1048832 [Id] WindowsEditor(7,LAPTOP-VUUCGFJ1) [Debug] 1 [PackageName] WindowsEditor [ProjectName] Editor" joined alternative multi-casting on [225.0.0.222:34997]...

Refreshing native plugins compatible for Editor in 407.62 ms, found 3 plugins.
Preloading 0 native plugins for Editor in 0.00 ms.
Initialize engine version: 2021.3.21f1 (1b156197d683)
[Subsystems] Discovering subsystems at path C:/Program Files/Unity/Hub/Editor/2021.3.21f1/Editor/Data/Resources/UnitySubsystems
[Subsystems] Discovering subsystems at path C:/Users/wldn1/OneDrive/바탕 화면/git/Carbon-Footprint/Carbon-footprint/Assets
GfxDevice: creating device client; threaded=0; jobified=0
Direct3D:
    Version:  Direct3D 11.0 [level 11.1]
    Renderer: Intel(R) UHD Graphics (ID=0x9b41)
    Vendor:   Intel
    VRAM:     4000 MB
    Driver:   26.20.100.7870
Initialize mono
Mono path[0] = 'C:/Program Files/Unity/Hub/Editor/2021.3.21f1/Editor/Data/Managed'
Mono path[1] = 'C:/Program Files/Unity/Hub/Editor/2021.3.21f1/Editor/Data/MonoBleedingEdge/lib/mono/unityjit-win32'
Mono config path = 'C:/Program Files/Unity/Hub/Editor/2021.3.21f1/Editor/Data/MonoBleedingEdge/etc'
Using monoOptions --debugger-agent=transport=dt_socket,embedding=1,server=y,suspend=n,address=127.0.0.1:56940
Begin MonoManager ReloadAssembly
Registering precompiled unity dll's ...
Register platform support module: C:/Program Files/Unity/Hub/Editor/2021.3.21f1/Editor/Data/PlaybackEngines/WindowsStandaloneSupport/UnityEditor.WindowsStandalone.Extensions.dll
Registered in 0.005839 seconds.
Native extension for WindowsStandalone target not found
Refreshing native plugins compatible for Editor in 219.22 ms, found 3 plugins.
Preloading 0 native plugins for Editor in 0.00 ms.
Mono: successfully reloaded assembly
- Completed reload, in  1.234 seconds
Domain Reload Profiling:
	ReloadAssembly (1236ms)
		BeginReloadAssembly (218ms)
			ExecutionOrderSort (0ms)
			DisableScriptedObjects (0ms)
			BackupInstance (0ms)
			ReleaseScriptingObjects (0ms)
			CreateAndSetChildDomain (8ms)
		EndReloadAssembly (815ms)
			LoadAssemblies (204ms)
			RebuildTransferFunctionScriptingTraits (0ms)
			SetupTypeCache (152ms)
			ReleaseScriptCaches (0ms)
			RebuildScriptCaches (45ms)
			SetupLoadedEditorAssemblies (536ms)
				LogAssemblyErrors (0ms)
				InitializePlatformSupportModulesInManaged (10ms)
				SetLoadedEditorAssemblies (0ms)
				RefreshPlugins (219ms)
				BeforeProcessingInitializeOnLoad (2ms)
				ProcessInitializeOnLoadAttributes (204ms)
				ProcessInitializeOnLoadMethodAttributes (102ms)
				AfterProcessingInitializeOnLoad (0ms)
				EditorAssembliesLoaded (0ms)
			ExecutionOrderSort2 (0ms)
			AwakeInstancesAfterBackupRestoration (0ms)
Platform modules already initialized, skipping
Registering precompiled user dll's ...
Registered in 0.052738 seconds.
Begin MonoManager ReloadAssembly
Symbol file LoadedFromMemory doesn't match image C:\Users\wldn1\OneDrive\바탕 화면\git\Carbon-Footprint\Carbon-footprint\Library\PackageCache\com.unity.visualscripting@1.8.0\Editor\VisualScripting.Core\Dependencies\YamlDotNet\Unity.VisualScripting.YamlDotNet.dll
Symbol file LoadedFromMemory doesn't match image C:\Users\wldn1\OneDrive\바탕 화면\git\Carbon-Footprint\Carbon-footprint\Library\PackageCache\com.unity.visualscripting@1.8.0\Editor\VisualScripting.Core\Dependencies\DotNetZip\Unity.VisualScripting.IonicZip.dll
Native extension for WindowsStandalone target not found
Refreshing native plugins compatible for Editor in 447.95 ms, found 3 plugins.
Preloading 0 native plugins for Editor in 0.00 ms.
Mono: successfully reloaded assembly
- Completed reload, in  5.063 seconds
Domain Reload Profiling:
	ReloadAssembly (5065ms)
		BeginReloadAssembly (308ms)
			ExecutionOrderSort (0ms)
			DisableScriptedObjects (16ms)
			BackupInstance (0ms)
			ReleaseScriptingObjects (1ms)
			CreateAndSetChildDomain (40ms)
		EndReloadAssembly (4407ms)
			LoadAssemblies (473ms)
			RebuildTransferFunctionScriptingTraits (0ms)
			SetupTypeCache (898ms)
			ReleaseScriptCaches (2ms)
			RebuildScriptCaches (302ms)
			SetupLoadedEditorAssemblies (2532ms)
				LogAssemblyErrors (0ms)
				InitializePlatformSupportModulesInManaged (11ms)
				SetLoadedEditorAssemblies (1ms)
				RefreshPlugins (448ms)
				BeforeProcessingInitializeOnLoad (765ms)
				ProcessInitializeOnLoadAttributes (1084ms)
				ProcessInitializeOnLoadMethodAttributes (211ms)
				AfterProcessingInitializeOnLoad (12ms)
				EditorAssembliesLoaded (1ms)
			ExecutionOrderSort2 (0ms)
			AwakeInstancesAfterBackupRestoration (17ms)
Platform modules already initialized, skipping
========================================================================
Worker process is ready to serve import requests
Launched and connected shader compiler UnityShaderCompiler.exe after 0.12 seconds
Refreshing native plugins compatible for Editor in 3.10 ms, found 3 plugins.
Preloading 0 native plugins for Editor in 0.00 ms.
Unloading 6369 Unused Serialized files (Serialized files now loaded: 0)
Unloading 45 unused Assets / (0.7 MB). Loaded Objects now: 6815.
Memory consumption went from 250.0 MB to 249.3 MB.
Total: 23.860000 ms (FindLiveObjects: 1.605700 ms CreateObjectMapping: 5.762100 ms MarkObjects: 15.517200 ms  DeleteObjects: 0.971400 ms)

AssetImportParameters requested are different than current active one (requested -> active):
  custom:video-decoder-ogg-theora: a1e56fd34408186e4bbccfd4996cb3dc -> 
  custom:container-muxer-webm: aa71ff27fc2769a1b78a27578f13a17b -> 
  custom:container-demuxer-webm: 4f35f7cbe854078d1ac9338744f61a02 -> 
  custom:video-encoder-webm-vp8: eb34c28f22e8b96e1ab97ce403110664 -> 
  custom:video-codec-MediaFoundation-h265: 746d11721c4dcdbdad8f713fa42b33f4 -> 
  custom:audio-encoder-webm-vorbis: bf7c407c2cedff20999df2af8eb42d56 -> 
  custom:framework-win-MediaFoundation: 216162199b28c13a410421893ffa2e32 -> 
  custom:container-demuxer-ogg: 62fdf1f143b41e24485cea50d1cbac27 -> 
  custom:video-decoder-webm-vp8: 9c59270c3fd7afecdb556c50c9e8de78 -> 
  custom:audio-decoder-ogg-vorbis: bf7c407c2cedff20999df2af8eb42d56 -> 
========================================================================
Received Import Request.
  Time since last request: 182090.695089 seconds.
  path: Assets/Universal Render Pipeline Asset_Renderer.asset
  artifactKey: Guid(7bea817fbd62fd647ad0b660f98408a4) Importer(815301076,1909f56bfc062723c751e8b465ee728b)
Start importing Assets/Universal Render Pipeline Asset_Renderer.asset using Guid(7bea817fbd62fd647ad0b660f98408a4) Importer(815301076,1909f56bfc062723c751e8b465ee728b)  -> (artifact id: 'e276802587dfdbbe02c7afbba50431b9') in 0.236548 seconds 
========================================================================
Received Import Request.
  Time since last request: 130.553233 seconds.
  path: Packages/com.unity.render-pipelines.core/Runtime/Debugging/Prefabs/Widgets/DebugUIButton.prefab
  artifactKey: Guid(f6ce33b91f6ffe54cadacbf4bb112440) Importer(815301076,1909f56bfc062723c751e8b465ee728b)
Start importing Packages/com.unity.render-pipelines.core/Runtime/Debugging/Prefabs/Widgets/DebugUIButton.prefab using Guid(f6ce33b91f6ffe54cadacbf4bb112440) Importer(815301076,1909f56bfc062723c751e8b465ee728b)  -> (artifact id: '38bb1ebf04d35075378f92f0b39778b3') in 0.072211 seconds 
========================================================================
Received Import Request.
  Time since last request: 0.000072 seconds.
  path: Packages/com.unity.render-pipelines.core/Runtime/Debugging/Prefabs/Widgets/DebugUIEnumHistory.prefab
  artifactKey: Guid(b2da6b27df236b144b3516ed8e7d36ac) Importer(815301076,1909f56bfc062723c751e8b465ee728b)
Start importing Packages/com.unity.render-pipelines.core/Runtime/Debugging/Prefabs/Widgets/DebugUIEnumHistory.prefab using Guid(b2da6b27df236b144b3516ed8e7d36ac) Importer(815301076,1909f56bfc062723c751e8b465ee728b)  -> (artifact id: '2836207bc05dd8e9e75417d946c473b1') in 0.024480 seconds 
========================================================================
Received Import Request.
  Time since last request: 0.000044 seconds.
  path: Packages/com.unity.render-pipelines.core/Runtime/Debugging/Prefabs/Resources/DebugUIPersistentCanvas.prefab
  artifactKey: Guid(f6b1a0fe75d5009449cf55ae76220e2b) Importer(815301076,1909f56bfc062723c751e8b465ee728b)
Start importing Packages/com.unity.render-pipelines.core/Runtime/Debugging/Prefabs/Resources/DebugUIPersistentCanvas.prefab using Guid(f6b1a0fe75d5009449cf55ae76220e2b) Importer(815301076,1909f56bfc062723c751e8b465ee728b)  -> (artifact id: '70b8c50d1c8bb05b7646adf26b7c69b3') in 0.022998 seconds 
========================================================================
Received Import Request.
  Time since last request: 0.000031 seconds.
  path: Assets/Art/Cainos/Pixel Art Top Down - Basic/Prefab/Plant/PF Grass D.prefab
  artifactKey: Guid(fd980c817c63af4458df40a61e529e93) Importer(815301076,1909f56bfc062723c751e8b465ee728b)
Start importing Assets/Art/Cainos/Pixel Art Top Down - Basic/Prefab/Plant/PF Grass D.prefab using Guid(fd980c817c63af4458df40a61e529e93) Importer(815301076,1909f56bfc062723c751e8b465ee728b)  -> (artifact id: 'd9f8cb734e831a54027b09d6d2e8142a') in 0.122457 seconds 
========================================================================
Received Import Request.
  Time since last request: 0.000058 seconds.
  path: Packages/com.unity.render-pipelines.core/Runtime/Debugging/Prefabs/Widgets/DebugUIMessageBox.prefab
  artifactKey: Guid(10a25524b0986f9488b430e2829bbbe8) Importer(815301076,1909f56bfc062723c751e8b465ee728b)
Start importing Packages/com.unity.render-pipelines.core/Runtime/Debugging/Prefabs/Widgets/DebugUIMessageBox.prefab using Guid(10a25524b0986f9488b430e2829bbbe8) Importer(815301076,1909f56bfc062723c751e8b465ee728b)  -> (artifact id: '9101d009c9a5963816f63eb0e57df77a') in 0.030641 seconds 
========================================================================
Received Import Request.
  Time since last request: 0.000084 seconds.
  path: Packages/com.unity.render-pipelines.core/Runtime/Debugging/Prefabs/Widgets/DebugUIToggleHistory.prefab
  artifactKey: Guid(5088d0220f0c4df439cf06c5c270eacb) Importer(815301076,1909f56bfc062723c751e8b465ee728b)
Start importing Packages/com.unity.render-pipelines.core/Runtime/Debugging/Prefabs/Widgets/DebugUIToggleHistory.prefab using Guid(5088d0220f0c4df439cf06c5c270eacb) Importer(815301076,1909f56bfc062723c751e8b465ee728b)  -> (artifact id: 'b132c7c98bf3ae95fe6a75d3d2a57f39') in 0.063370 seconds 
========================================================================
Received Import Request.
  Time since last request: 0.000108 seconds.
  path: Assets/Art/Cainos/Pixel Art Top Down - Basic/Prefab/Plant/PF Grass M.prefab
  artifactKey: Guid(c5c395a83c3338d46bd52e936cf46245) Importer(815301076,1909f56bfc062723c751e8b465ee728b)
Start importing Assets/Art/Cainos/Pixel Art Top Down - Basic/Prefab/Plant/PF Grass M.prefab using Guid(c5c395a83c3338d46bd52e936cf46245) Importer(815301076,1909f56bfc062723c751e8b465ee728b)  -> (artifact id: 'fa38e913fc727f4d9623e167561bf801') in 0.079458 seconds 
========================================================================
Received Import Request.
  Time since last request: 0.000068 seconds.
  path: Assets/Art/Cainos/Pixel Art Top Down - Basic/Prefab/Props/PF Gate T2.prefab
  artifactKey: Guid(b95acdc3b0c1a444c87723520fbab2f0) Importer(815301076,1909f56bfc062723c751e8b465ee728b)
Start importing Assets/Art/Cainos/Pixel Art Top Down - Basic/Prefab/Props/PF Gate T2.prefab using Guid(b95acdc3b0c1a444c87723520fbab2f0) Importer(815301076,1909f56bfc062723c751e8b465ee728b)  -> (artifact id: 'f8ab999d175c6fe00cb8d03fd1d31afb') in 0.099672 seconds 
========================================================================
Received Import Request.
  Time since last request: 0.000063 seconds.
  path: Assets/Art/Cainos/Pixel Art Top Down - Basic/Prefab/Plant/PF Grass C.prefab
  artifactKey: Guid(403080d7568a4f949b4bfc7128477a8c) Importer(815301076,1909f56bfc062723c751e8b465ee728b)
Start importing Assets/Art/Cainos/Pixel Art Top Down - Basic/Prefab/Plant/PF Grass C.prefab using Guid(403080d7568a4f949b4bfc7128477a8c) Importer(815301076,1909f56bfc062723c751e8b465ee728b)  -> (artifact id: '5ba6dae6624afa3c8b4c17f8ad64edf3') in 0.075682 seconds 
========================================================================
Received Import Request.
  Time since last request: 0.000129 seconds.
  path: Packages/com.unity.render-pipelines.core/Runtime/Debugging/Prefabs/Widgets/DebugUIPanel.prefab
  artifactKey: Guid(daa46a58178a6ad41ae1ddc2dc7f856d) Importer(815301076,1909f56bfc062723c751e8b465ee728b)
Start importing Packages/com.unity.render-pipelines.core/Runtime/Debugging/Prefabs/Widgets/DebugUIPanel.prefab using Guid(daa46a58178a6ad41ae1ddc2dc7f856d) Importer(815301076,1909f56bfc062723c751e8b465ee728b)  -> (artifact id: '5e427d2f4a02a6d40271ed7b66b2c704') in 0.097962 seconds 
========================================================================
Received Import Request.
  Time since last request: 0.000054 seconds.
  path: Packages/com.unity.render-pipelines.core/Runtime/Debugging/Prefabs/Widgets/DebugUIUIntField.prefab
  artifactKey: Guid(f22bcc84a5f4a1944b075a2c4ac71493) Importer(815301076,1909f56bfc062723c751e8b465ee728b)
Start importing Packages/com.unity.render-pipelines.core/Runtime/Debugging/Prefabs/Widgets/DebugUIUIntField.prefab using Guid(f22bcc84a5f4a1944b075a2c4ac71493) Importer(815301076,1909f56bfc062723c751e8b465ee728b)  -> (artifact id: '6a368687a340381ab07114584b5be1c9') in 0.061079 seconds 
========================================================================
Received Import Request.
  Time since last request: 0.000067 seconds.
  path: Assets/Art/Cainos/Pixel Art Top Down - Basic/Prefab/Props/PF Props Brick T1.prefab
  artifactKey: Guid(ebdc6ef285e0bf542bed7e9c1bfb9923) Importer(815301076,1909f56bfc062723c751e8b465ee728b)
Start importing Assets/Art/Cainos/Pixel Art Top Down - Basic/Prefab/Props/PF Props Brick T1.prefab using Guid(ebdc6ef285e0bf542bed7e9c1bfb9923) Importer(815301076,1909f56bfc062723c751e8b465ee728b)  -> (artifact id: 'dac65885bec76d91408aa982c92f9ac6') in 0.094239 seconds 
========================================================================
Received Import Request.
  Time since last request: 0.000039 seconds.
  path: Packages/com.unity.render-pipelines.core/Runtime/Debugging/Prefabs/Widgets/DebugUIVector2.prefab
  artifactKey: Guid(326f7c58aed965d41bf7805a782d1e44) Importer(815301076,1909f56bfc062723c751e8b465ee728b)
Start importing Packages/com.unity.render-pipelines.core/Runtime/Debugging/Prefabs/Widgets/DebugUIVector2.prefab using Guid(326f7c58aed965d41bf7805a782d1e44) Importer(815301076,1909f56bfc062723c751e8b465ee728b)  -> (artifact id: 'f53c96a222a2e9235d01aa4858ccc34e') in 0.071366 seconds 
========================================================================
Received Import Request.
  Time since last request: 0.000048 seconds.
  path: Assets/Art/Cainos/Pixel Art Top Down - Basic/Prefab/Plant/PF Props Bush T4.prefab
  artifactKey: Guid(4bd7b41600416b54395bf9936a05dc8e) Importer(815301076,1909f56bfc062723c751e8b465ee728b)
Start importing Assets/Art/Cainos/Pixel Art Top Down - Basic/Prefab/Plant/PF Props Bush T4.prefab using Guid(4bd7b41600416b54395bf9936a05dc8e) Importer(815301076,1909f56bfc062723c751e8b465ee728b)  -> (artifact id: '3f02c03ae253744e9e105c9136d54d93') in 0.077731 seconds 
========================================================================
Received Import Request.
  Time since last request: 0.000062 seconds.
  path: Assets/Art/Cainos/Pixel Art Top Down - Basic/Prefab/Plant/PF Props Bush T2.prefab
  artifactKey: Guid(5b94bf9107369684a8153921f763da38) Importer(815301076,1909f56bfc062723c751e8b465ee728b)
Start importing Assets/Art/Cainos/Pixel Art Top Down - Basic/Prefab/Plant/PF Props Bush T2.prefab using Guid(5b94bf9107369684a8153921f763da38) Importer(815301076,1909f56bfc062723c751e8b465ee728b)  -> (artifact id: '0fd0edd6cc057c60208fbe8341be350f') in 0.105268 seconds 
========================================================================
Received Import Request.
  Time since last request: 0.000316 seconds.
  path: Assets/Art/Cainos/Pixel Art Top Down - Basic/Prefab/Plant/PF Grass K.prefab
  artifactKey: Guid(4800845c2c4caa84eb6194552ae9c841) Importer(815301076,1909f56bfc062723c751e8b465ee728b)
Start importing Assets/Art/Cainos/Pixel Art Top Down - Basic/Prefab/Plant/PF Grass K.prefab using Guid(4800845c2c4caa84eb6194552ae9c841) Importer(815301076,1909f56bfc062723c751e8b465ee728b)  -> (artifact id: 'f9582c090b3eba14bd59d432ea040b52') in 0.046734 seconds 
========================================================================
Received Import Request.
  Time since last request: 0.000048 seconds.
  path: Packages/com.unity.render-pipelines.core/Runtime/Debugging/Prefabs/Widgets/DebugUIVector3.prefab
  artifactKey: Guid(94afea5f242d72547979595ba963f335) Importer(815301076,1909f56bfc062723c751e8b465ee728b)
Start importing Packages/com.unity.render-pipelines.core/Runtime/Debugging/Prefabs/Widgets/DebugUIVector3.prefab using Guid(94afea5f242d72547979595ba963f335) Importer(815301076,1909f56bfc062723c751e8b465ee728b)  -> (artifact id: '97fe47a2a3a5ffe3e4c680ac65a00309') in 0.050848 seconds 
========================================================================
Received Import Request.
  Time since last request: 0.000073 seconds.
  path: Assets/Art/Cainos/Pixel Art Top Down - Basic/Prefab/Plant/PF Grass F.prefab
  artifactKey: Guid(84d669757910f1f488023c92e71fcad5) Importer(815301076,1909f56bfc062723c751e8b465ee728b)
Start importing Assets/Art/Cainos/Pixel Art Top Down - Basic/Prefab/Plant/PF Grass F.prefab using Guid(84d669757910f1f488023c92e71fcad5) Importer(815301076,1909f56bfc062723c751e8b465ee728b)  -> (artifact id: 'bfcd4ecf90224ce66c5b96b668e145b1') in 0.102120 seconds 
========================================================================
Received Import Request.
  Time since last request: 0.000077 seconds.
  path: Assets/Art/Cainos/Pixel Art Top Down - Basic/Prefab/Plant/PF Props Bush T5.prefab
  artifactKey: Guid(9fb66d8c9d3b5194a82e9eed65a54afb) Importer(815301076,1909f56bfc062723c751e8b465ee728b)
Start importing Assets/Art/Cainos/Pixel Art Top Down - Basic/Prefab/Plant/PF Props Bush T5.prefab using Guid(9fb66d8c9d3b5194a82e9eed65a54afb) Importer(815301076,1909f56bfc062723c751e8b465ee728b)  -> (artifact id: 'd81d31cb480615d8457f4dde42ef69b0') in 0.074611 seconds 
========================================================================
Received Import Request.
  Time since last request: 0.000179 seconds.
  path: Assets/Art/Cainos/Pixel Art Top Down - Basic/Prefab/Plant/PF Grass N.prefab
  artifactKey: Guid(af67ceadc087899479232f75d2b79d59) Importer(815301076,1909f56bfc062723c751e8b465ee728b)
Start importing Assets/Art/Cainos/Pixel Art Top Down - Basic/Prefab/Plant/PF Grass N.prefab using Guid(af67ceadc087899479232f75d2b79d59) Importer(815301076,1909f56bfc062723c751e8b465ee728b)  -> (artifact id: '1384c6b0d7788247a5f5f64bdcc54d1f') in 0.122880 seconds 
========================================================================
Received Import Request.
  Time since last request: 0.000117 seconds.
  path: Assets/Art/Cainos/Pixel Art Top Down - Basic/Prefab/Plant/PF Grass H.prefab
  artifactKey: Guid(8c66149e58003104daf96668db118b4f) Importer(815301076,1909f56bfc062723c751e8b465ee728b)
Start importing Assets/Art/Cainos/Pixel Art Top Down - Basic/Prefab/Plant/PF Grass H.prefab using Guid(8c66149e58003104daf96668db118b4f) Importer(815301076,1909f56bfc062723c751e8b465ee728b)  -> (artifact id: '1d84df3caa14f171783be17955ce1625') in 0.088413 seconds 
========================================================================
Received Import Request.
  Time since last request: 0.000059 seconds.
  path: Packages/com.unity.render-pipelines.core/Runtime/Debugging/Prefabs/Widgets/DebugUIValue.prefab
  artifactKey: Guid(dc0f88987826e6e48b1fe9c7c2b53a53) Importer(815301076,1909f56bfc062723c751e8b465ee728b)
Start importing Packages/com.unity.render-pipelines.core/Runtime/Debugging/Prefabs/Widgets/DebugUIValue.prefab using Guid(dc0f88987826e6e48b1fe9c7c2b53a53) Importer(815301076,1909f56bfc062723c751e8b465ee728b)  -> (artifact id: 'a3faaa7949ce17a0f7354594f24c81a2') in 0.040529 seconds 
========================================================================
Received Import Request.
  Time since last request: 0.000074 seconds.
  path: Assets/Art/Cainos/Pixel Art Top Down - Basic/Prefab/Plant/PF Grass L.prefab
  artifactKey: Guid(1dc4948f20ddc324f84c815af63aa6a9) Importer(815301076,1909f56bfc062723c751e8b465ee728b)
Start importing Assets/Art/Cainos/Pixel Art Top Down - Basic/Prefab/Plant/PF Grass L.prefab using Guid(1dc4948f20ddc324f84c815af63aa6a9) Importer(815301076,1909f56bfc062723c751e8b465ee728b)  -> (artifact id: '7fea09bf5034768e09fc6fb43d8de88c') in 0.053300 seconds 
========================================================================
Received Import Request.
  Time since last request: 0.000087 seconds.
  path: Assets/Art/Cainos/Pixel Art Top Down - Basic/Prefab/Plant/PF Grass A.prefab
  artifactKey: Guid(a0a66c9b152e801409fc26c4ca493d18) Importer(815301076,1909f56bfc062723c751e8b465ee728b)
Start importing Assets/Art/Cainos/Pixel Art Top Down - Basic/Prefab/Plant/PF Grass A.prefab using Guid(a0a66c9b152e801409fc26c4ca493d18) Importer(815301076,1909f56bfc062723c751e8b465ee728b)  -> (artifact id: '94c09920cae478f4fdd17b6daca0d601') in 0.063178 seconds 
========================================================================
Received Import Request.
  Time since last request: 0.000068 seconds.
  path: Packages/com.unity.render-pipelines.core/Runtime/Debugging/Prefabs/Resources/DebugUICanvas.prefab
  artifactKey: Guid(cf6cbdd672089a84796e55a21fed1cbe) Importer(815301076,1909f56bfc062723c751e8b465ee728b)
Start importing Packages/com.unity.render-pipelines.core/Runtime/Debugging/Prefabs/Resources/DebugUICanvas.prefab using Guid(cf6cbdd672089a84796e55a21fed1cbe) Importer(815301076,1909f56bfc062723c751e8b465ee728b)  -> (artifact id: '9cdbd9e2f965ce36f50b333a51431dce') in 0.295538 seconds 
Editor requested this worker to shutdown with reason: Scaling down because of idle timeout
AssetImportWorker is now disconnected from the server
Process exiting
Exiting without the bug reporter. Application will terminate with return code 0