Using pre-set license
Built from '2021.3/staging' branch; Version is '2021.3.21f1 (1b156197d683) revision 1774945'; Using compiler version '192829333'; Build Type 'Release'
OS: 'Windows 11  (10.0.22621) 64bit Core' Language: 'ko' Physical Memory: 8001 MB
BatchMode: 1, IsHumanControllingUs: 0, StartBugReporterOnCrash: 0, Is64bit: 1, IsPro: 1

COMMAND LINE ARGUMENTS:
C:\Program Files\Unity\Hub\Editor\2021.3.21f1\Editor\Unity.exe
-adb2
-batchMode
-noUpm
-name
AssetImportWorker9
-projectPath
C:/Users/wldn1/OneDrive/바탕 화면/git/Carbon-Footprint/Carbon-footprint
-logFile
Logs/AssetImportWorker9.log
-srvPort
49247
Successfully changed project path to: C:/Users/wldn1/OneDrive/바탕 화면/git/Carbon-Footprint/Carbon-footprint
C:/Users/wldn1/OneDrive/바탕 화면/git/Carbon-Footprint/Carbon-footprint
[UnityMemory] Configuration Parameters - Can be set up in boot.config
    "memorysetup-bucket-allocator-granularity=16"
    "memorysetup-bucket-allocator-bucket-count=8"
    "memorysetup-bucket-allocator-block-size=33554432"
    "memorysetup-bucket-allocator-block-count=8"
    "memorysetup-main-allocator-block-size=16777216"
    "memorysetup-thread-allocator-block-size=16777216"
    "memorysetup-gfx-main-allocator-block-size=16777216"
    "memorysetup-gfx-thread-allocator-block-size=16777216"
    "memorysetup-cache-allocator-block-size=4194304"
    "memorysetup-typetree-allocator-block-size=2097152"
    "memorysetup-profiler-bucket-allocator-granularity=16"
    "memorysetup-profiler-bucket-allocator-bucket-count=8"
    "memorysetup-profiler-bucket-allocator-block-size=33554432"
    "memorysetup-profiler-bucket-allocator-block-count=8"
    "memorysetup-profiler-allocator-block-size=16777216"
    "memorysetup-profiler-editor-allocator-block-size=1048576"
    "memorysetup-temp-allocator-size-main=16777216"
    "memorysetup-job-temp-allocator-block-size=2097152"
    "memorysetup-job-temp-allocator-block-size-background=1048576"
    "memorysetup-job-temp-allocator-reduction-small-platforms=262144"
    "memorysetup-temp-allocator-size-background-worker=32768"
    "memorysetup-temp-allocator-size-job-worker=262144"
    "memorysetup-temp-allocator-size-preload-manager=33554432"
    "memorysetup-temp-allocator-size-nav-mesh-worker=65536"
    "memorysetup-temp-allocator-size-audio-worker=65536"
    "memorysetup-temp-allocator-size-cloud-worker=32768"
    "memorysetup-temp-allocator-size-gi-baking-worker=262144"
    "memorysetup-temp-allocator-size-gfx=262144"
Player connection [11496] Host "[IP] 172.30.1.52 [Port] 0 [Flags] 2 [Guid] 2664922155 [EditorId] 2664922155 [Version] 1048832 [Id] WindowsEditor(7,LAPTOP-VUUCGFJ1) [Debug] 1 [PackageName] WindowsEditor [ProjectName] Editor" joined multi-casting on [225.0.0.222:54997]...

Player connection [11496] Host "[IP] 172.30.1.52 [Port] 0 [Flags] 2 [Guid] 2664922155 [EditorId] 2664922155 [Version] 1048832 [Id] WindowsEditor(7,LAPTOP-VUUCGFJ1) [Debug] 1 [PackageName] WindowsEditor [ProjectName] Editor" joined alternative multi-casting on [225.0.0.222:34997]...

Refreshing native plugins compatible for Editor in 296.13 ms, found 3 plugins.
Preloading 0 native plugins for Editor in 0.00 ms.
Initialize engine version: 2021.3.21f1 (1b156197d683)
[Subsystems] Discovering subsystems at path C:/Program Files/Unity/Hub/Editor/2021.3.21f1/Editor/Data/Resources/UnitySubsystems
[Subsystems] Discovering subsystems at path C:/Users/wldn1/OneDrive/바탕 화면/git/Carbon-Footprint/Carbon-footprint/Assets
GfxDevice: creating device client; threaded=0; jobified=0
Direct3D:
    Version:  Direct3D 11.0 [level 11.1]
    Renderer: Intel(R) UHD Graphics (ID=0x9b41)
    Vendor:   Intel
    VRAM:     4000 MB
    Driver:   26.20.100.7870
Initialize mono
Mono path[0] = 'C:/Program Files/Unity/Hub/Editor/2021.3.21f1/Editor/Data/Managed'
Mono path[1] = 'C:/Program Files/Unity/Hub/Editor/2021.3.21f1/Editor/Data/MonoBleedingEdge/lib/mono/unityjit-win32'
Mono config path = 'C:/Program Files/Unity/Hub/Editor/2021.3.21f1/Editor/Data/MonoBleedingEdge/etc'
Using monoOptions --debugger-agent=transport=dt_socket,embedding=1,server=y,suspend=n,address=127.0.0.1:56832
Begin MonoManager ReloadAssembly
Registering precompiled unity dll's ...
Register platform support module: C:/Program Files/Unity/Hub/Editor/2021.3.21f1/Editor/Data/PlaybackEngines/WindowsStandaloneSupport/UnityEditor.WindowsStandalone.Extensions.dll
Registered in 0.004751 seconds.
Native extension for WindowsStandalone target not found
Refreshing native plugins compatible for Editor in 268.67 ms, found 3 plugins.
Preloading 0 native plugins for Editor in 0.00 ms.
Mono: successfully reloaded assembly
- Completed reload, in  1.128 seconds
Domain Reload Profiling:
	ReloadAssembly (1128ms)
		BeginReloadAssembly (129ms)
			ExecutionOrderSort (0ms)
			DisableScriptedObjects (0ms)
			BackupInstance (0ms)
			ReleaseScriptingObjects (0ms)
			CreateAndSetChildDomain (1ms)
		EndReloadAssembly (864ms)
			LoadAssemblies (124ms)
			RebuildTransferFunctionScriptingTraits (0ms)
			SetupTypeCache (162ms)
			ReleaseScriptCaches (0ms)
			RebuildScriptCaches (42ms)
			SetupLoadedEditorAssemblies (594ms)
				LogAssemblyErrors (0ms)
				InitializePlatformSupportModulesInManaged (9ms)
				SetLoadedEditorAssemblies (0ms)
				RefreshPlugins (269ms)
				BeforeProcessingInitializeOnLoad (2ms)
				ProcessInitializeOnLoadAttributes (227ms)
				ProcessInitializeOnLoadMethodAttributes (86ms)
				AfterProcessingInitializeOnLoad (0ms)
				EditorAssembliesLoaded (0ms)
			ExecutionOrderSort2 (0ms)
			AwakeInstancesAfterBackupRestoration (0ms)
Platform modules already initialized, skipping
Registering precompiled user dll's ...
Registered in 0.045418 seconds.
Begin MonoManager ReloadAssembly
Symbol file LoadedFromMemory doesn't match image C:\Users\wldn1\OneDrive\바탕 화면\git\Carbon-Footprint\Carbon-footprint\Library\PackageCache\com.unity.visualscripting@1.8.0\Editor\VisualScripting.Core\Dependencies\YamlDotNet\Unity.VisualScripting.YamlDotNet.dll
Symbol file LoadedFromMemory doesn't match image C:\Users\wldn1\OneDrive\바탕 화면\git\Carbon-Footprint\Carbon-footprint\Library\PackageCache\com.unity.visualscripting@1.8.0\Editor\VisualScripting.Core\Dependencies\DotNetZip\Unity.VisualScripting.IonicZip.dll
Native extension for WindowsStandalone target not found
Refreshing native plugins compatible for Editor in 488.33 ms, found 3 plugins.
Preloading 0 native plugins for Editor in 0.00 ms.
Mono: successfully reloaded assembly
- Completed reload, in  5.731 seconds
Domain Reload Profiling:
	ReloadAssembly (5733ms)
		BeginReloadAssembly (431ms)
			ExecutionOrderSort (0ms)
			DisableScriptedObjects (16ms)
			BackupInstance (0ms)
			ReleaseScriptingObjects (1ms)
			CreateAndSetChildDomain (58ms)
		EndReloadAssembly (4851ms)
			LoadAssemblies (804ms)
			RebuildTransferFunctionScriptingTraits (0ms)
			SetupTypeCache (1213ms)
			ReleaseScriptCaches (2ms)
			RebuildScriptCaches (235ms)
			SetupLoadedEditorAssemblies (2569ms)
				LogAssemblyErrors (0ms)
				InitializePlatformSupportModulesInManaged (11ms)
				SetLoadedEditorAssemblies (1ms)
				RefreshPlugins (489ms)
				BeforeProcessingInitializeOnLoad (531ms)
				ProcessInitializeOnLoadAttributes (1328ms)
				ProcessInitializeOnLoadMethodAttributes (200ms)
				AfterProcessingInitializeOnLoad (9ms)
				EditorAssembliesLoaded (1ms)
			ExecutionOrderSort2 (0ms)
			AwakeInstancesAfterBackupRestoration (8ms)
Platform modules already initialized, skipping
========================================================================
Worker process is ready to serve import requests
Launched and connected shader compiler UnityShaderCompiler.exe after 0.07 seconds
Refreshing native plugins compatible for Editor in 4.28 ms, found 3 plugins.
Preloading 0 native plugins for Editor in 0.00 ms.
Unloading 6369 Unused Serialized files (Serialized files now loaded: 0)
Unloading 45 unused Assets / (0.7 MB). Loaded Objects now: 6815.
Memory consumption went from 249.9 MB to 249.2 MB.
Total: 18.034500 ms (FindLiveObjects: 1.938400 ms CreateObjectMapping: 1.230700 ms MarkObjects: 13.814800 ms  DeleteObjects: 1.047700 ms)

AssetImportParameters requested are different than current active one (requested -> active):
  custom:video-decoder-ogg-theora: a1e56fd34408186e4bbccfd4996cb3dc -> 
  custom:container-muxer-webm: aa71ff27fc2769a1b78a27578f13a17b -> 
  custom:container-demuxer-webm: 4f35f7cbe854078d1ac9338744f61a02 -> 
  custom:video-encoder-webm-vp8: eb34c28f22e8b96e1ab97ce403110664 -> 
  custom:video-codec-MediaFoundation-h265: 746d11721c4dcdbdad8f713fa42b33f4 -> 
  custom:audio-encoder-webm-vorbis: bf7c407c2cedff20999df2af8eb42d56 -> 
  custom:framework-win-MediaFoundation: 216162199b28c13a410421893ffa2e32 -> 
  custom:container-demuxer-ogg: 62fdf1f143b41e24485cea50d1cbac27 -> 
  custom:video-decoder-webm-vp8: 9c59270c3fd7afecdb556c50c9e8de78 -> 
  custom:audio-decoder-ogg-vorbis: bf7c407c2cedff20999df2af8eb42d56 -> 
========================================================================
Received Import Request.
  Time since last request: 181443.665781 seconds.
  path: Assets/Art/Bolt 2D JellyFarm VE2/Fonts/DoHyeon-Regular SDF.asset
  artifactKey: Guid(fcf111dfc9fb4974db5fc9ff0794740a) Importer(815301076,1909f56bfc062723c751e8b465ee728b)
Start importing Assets/Art/Bolt 2D JellyFarm VE2/Fonts/DoHyeon-Regular SDF.asset using Guid(fcf111dfc9fb4974db5fc9ff0794740a) Importer(815301076,1909f56bfc062723c751e8b465ee728b)  -> (artifact id: '4332c9cd63ba7904abb9ef2ea0d918d9') in 0.560002 seconds 
========================================================================
Received Import Request.
  Time since last request: 0.000054 seconds.
  path: Assets/Art/Cainos/Pixel Art Top Down - Basic/Prefab/Props/PF Props Barrel.prefab
  artifactKey: Guid(413081fc53a78a043b38591243616398) Importer(815301076,1909f56bfc062723c751e8b465ee728b)
Start importing Assets/Art/Cainos/Pixel Art Top Down - Basic/Prefab/Props/PF Props Barrel.prefab using Guid(413081fc53a78a043b38591243616398) Importer(815301076,1909f56bfc062723c751e8b465ee728b)  -> (artifact id: 'b783316bf60dc4f4830b52323d0064a4') in 0.361025 seconds 
========================================================================
Received Import Request.
  Time since last request: 0.000238 seconds.
  path: Assets/Art/TopDown 2D RPG BE3/Readme.asset
  artifactKey: Guid(4ff280a9fdc784d46beb69b6da783245) Importer(815301076,1909f56bfc062723c751e8b465ee728b)
Start importing Assets/Art/TopDown 2D RPG BE3/Readme.asset using Guid(4ff280a9fdc784d46beb69b6da783245) Importer(815301076,1909f56bfc062723c751e8b465ee728b)  -> (artifact id: '614a76cd3ae8d3015ae63f9d7c9c7115') in 0.068038 seconds 
========================================================================
Received Import Request.
  Time since last request: 0.000061 seconds.
  path: Assets/Art/Cainos/Pixel Art Top Down - Basic/Prefab/Plant/PF Props Tree T3.prefab
  artifactKey: Guid(9e7797bb065982d4497d030f065d6e2f) Importer(815301076,1909f56bfc062723c751e8b465ee728b)
Start importing Assets/Art/Cainos/Pixel Art Top Down - Basic/Prefab/Plant/PF Props Tree T3.prefab using Guid(9e7797bb065982d4497d030f065d6e2f) Importer(815301076,1909f56bfc062723c751e8b465ee728b)  -> (artifact id: '9319afab3fbfc0d30542b8120f5366fb') in 0.076897 seconds 
========================================================================
Received Import Request.
  Time since last request: 0.000121 seconds.
  path: Assets/Art/Cainos/Pixel Art Top Down - Basic/Texture/TX Shadow Plant.png
  artifactKey: Guid(8501e10b1eafde34586080ba342fdc0e) Importer(815301076,1909f56bfc062723c751e8b465ee728b)
Start importing Assets/Art/Cainos/Pixel Art Top Down - Basic/Texture/TX Shadow Plant.png using Guid(8501e10b1eafde34586080ba342fdc0e) Importer(815301076,1909f56bfc062723c751e8b465ee728b)  -> (artifact id: '36bfeb3c91a421af3b5182447e3c9d2e') in 0.212245 seconds 
========================================================================
Received Import Request.
  Time since last request: 0.000103 seconds.
  path: Assets/Art/Cainos/Pixel Art Top Down - Basic/Texture/TX Props.png
  artifactKey: Guid(29c9cded5e558164aaf8c9bf08aa1510) Importer(815301076,1909f56bfc062723c751e8b465ee728b)
Start importing Assets/Art/Cainos/Pixel Art Top Down - Basic/Texture/TX Props.png using Guid(29c9cded5e558164aaf8c9bf08aa1510) Importer(815301076,1909f56bfc062723c751e8b465ee728b)  -> (artifact id: '4126d636ec5bb9b117dee80ba28fb3eb') in 0.468032 seconds 
========================================================================
Received Import Request.
  Time since last request: 11.451855 seconds.
  path: Assets/Art/TopDown 2D RPG BE3/Sprites/User Interface.png
  artifactKey: Guid(1c9bc0d104c01934da10d4333b9dc48b) Importer(815301076,1909f56bfc062723c751e8b465ee728b)
Start importing Assets/Art/TopDown 2D RPG BE3/Sprites/User Interface.png using Guid(1c9bc0d104c01934da10d4333b9dc48b) Importer(815301076,1909f56bfc062723c751e8b465ee728b)  -> (artifact id: '47e5fd85f4aaa04a23eed476af8fb642') in 0.158290 seconds 
========================================================================
Received Import Request.
  Time since last request: 0.000111 seconds.
  path: Assets/Art/Bolt 2D JellyFarm VE2/Sprites/UI/Panel Left.png
  artifactKey: Guid(11b75f9856d512244900631455ab3c8d) Importer(815301076,1909f56bfc062723c751e8b465ee728b)
Start importing Assets/Art/Bolt 2D JellyFarm VE2/Sprites/UI/Panel Left.png using Guid(11b75f9856d512244900631455ab3c8d) Importer(815301076,1909f56bfc062723c751e8b465ee728b)  -> (artifact id: 'da311e5ba193ead71225d4e89311a011') in 0.088775 seconds 
========================================================================
Received Import Request.
  Time since last request: 0.000087 seconds.
  path: Assets/Art/Bolt 2D JellyFarm VE2/Sprites/UI/Panel Border.png
  artifactKey: Guid(bf2b31ceb6a9bab4d93edffe34b2eae6) Importer(815301076,1909f56bfc062723c751e8b465ee728b)
Start importing Assets/Art/Bolt 2D JellyFarm VE2/Sprites/UI/Panel Border.png using Guid(bf2b31ceb6a9bab4d93edffe34b2eae6) Importer(815301076,1909f56bfc062723c751e8b465ee728b)  -> (artifact id: '7613da12a69b312959eb22018ee0ae25') in 0.070276 seconds 
========================================================================
Received Import Request.
  Time since last request: 0.000043 seconds.
  path: Assets/Art/RF Castle/Sliced/RF main.prefab
  artifactKey: Guid(ad206a2682b4e05409448c2e854653fc) Importer(815301076,1909f56bfc062723c751e8b465ee728b)
Start importing Assets/Art/RF Castle/Sliced/RF main.prefab using Guid(ad206a2682b4e05409448c2e854653fc) Importer(815301076,1909f56bfc062723c751e8b465ee728b)  -> (artifact id: '6a4a7c00bd24e7da91095b632a7b2807') in 49.995638 seconds 
========================================================================
Received Import Request.
  Time since last request: 69.334267 seconds.
  path: Packages/com.unity.ide.rider/Rider/Editor/com.unity.ide.rider.asmdef
  artifactKey: Guid(d528c8c98d269ca44a06cd9624a03945) Importer(815301076,1909f56bfc062723c751e8b465ee728b)
Start importing Packages/com.unity.ide.rider/Rider/Editor/com.unity.ide.rider.asmdef using Guid(d528c8c98d269ca44a06cd9624a03945) Importer(815301076,1909f56bfc062723c751e8b465ee728b)  -> (artifact id: 'b0f53e4b1e41ee2a233100344b30c9fb') in 0.033332 seconds 
========================================================================
Received Import Request.
  Time since last request: 0.000082 seconds.
  path: Packages/com.unity.ide.visualstudio/Editor/com.unity.ide.visualstudio.asmdef
  artifactKey: Guid(b93f844d45cfcc44fa2b0eed5c9ec6bb) Importer(815301076,1909f56bfc062723c751e8b465ee728b)
Start importing Packages/com.unity.ide.visualstudio/Editor/com.unity.ide.visualstudio.asmdef using Guid(b93f844d45cfcc44fa2b0eed5c9ec6bb) Importer(815301076,1909f56bfc062723c751e8b465ee728b)  -> (artifact id: '458dce39154d56260747e9ec46840c92') in 0.025154 seconds 
========================================================================
Received Import Request.
  Time since last request: 0.000145 seconds.
  path: Packages/com.unity.netcode.gameobjects/Runtime/com.unity.netcode.runtime.asmdef
  artifactKey: Guid(1491147abca9d7d4bb7105af628b223e) Importer(815301076,1909f56bfc062723c751e8b465ee728b)
Start importing Packages/com.unity.netcode.gameobjects/Runtime/com.unity.netcode.runtime.asmdef using Guid(1491147abca9d7d4bb7105af628b223e) Importer(815301076,1909f56bfc062723c751e8b465ee728b)  -> (artifact id: 'a07213adf43cb44715e15f1081894d9d') in 0.019701 seconds 
========================================================================
Received Import Request.
  Time since last request: 0.000066 seconds.
  path: Packages/com.unity.netcode.gameobjects/Editor/com.unity.netcode.editor.asmdef
  artifactKey: Guid(9f4f5bf029cebb64f983b7bdc29f62a1) Importer(815301076,1909f56bfc062723c751e8b465ee728b)
Start importing Packages/com.unity.netcode.gameobjects/Editor/com.unity.netcode.editor.asmdef using Guid(9f4f5bf029cebb64f983b7bdc29f62a1) Importer(815301076,1909f56bfc062723c751e8b465ee728b)  -> (artifact id: '992b15c32080ac92732b185c25598922') in 0.032265 seconds 
========================================================================
Received Import Request.
  Time since last request: 0.000051 seconds.
  path: Packages/com.unity.netcode.gameobjects/Editor/CodeGen/com.unity.netcode.editor.codegen.asmdef
  artifactKey: Guid(fe4fa159f4a96442ba22af67ddf20c65) Importer(815301076,1909f56bfc062723c751e8b465ee728b)
Start importing Packages/com.unity.netcode.gameobjects/Editor/CodeGen/com.unity.netcode.editor.codegen.asmdef using Guid(fe4fa159f4a96442ba22af67ddf20c65) Importer(815301076,1909f56bfc062723c751e8b465ee728b)  -> (artifact id: 'c7e3ffcfdbc7f524e52e3cb8db7d8b93') in 0.021237 seconds 
========================================================================
Received Import Request.
  Time since last request: 0.000068 seconds.
  path: Packages/com.unity.netcode.gameobjects/Tests/Editor/com.unity.netcode.editortests.asmdef
  artifactKey: Guid(072b82e2b7c1dcf439827d3fbc4f52a1) Importer(815301076,1909f56bfc062723c751e8b465ee728b)
Start importing Packages/com.unity.netcode.gameobjects/Tests/Editor/com.unity.netcode.editortests.asmdef using Guid(072b82e2b7c1dcf439827d3fbc4f52a1) Importer(815301076,1909f56bfc062723c751e8b465ee728b)  -> (artifact id: 'd7ca4585574485237af426e556478aec') in 0.037227 seconds 
========================================================================
Received Import Request.
  Time since last request: 0.000342 seconds.
  path: Packages/com.unity.netcode.gameobjects/TestHelpers/Runtime/com.unity.netcode.testhelpers.runtime.asmdef
  artifactKey: Guid(101012598ee9f064da897a34e72947f9) Importer(815301076,1909f56bfc062723c751e8b465ee728b)
Start importing Packages/com.unity.netcode.gameobjects/TestHelpers/Runtime/com.unity.netcode.testhelpers.runtime.asmdef using Guid(101012598ee9f064da897a34e72947f9) Importer(815301076,1909f56bfc062723c751e8b465ee728b)  -> (artifact id: '42197ea90f8abbbd4dce137d0b2f11ed') in 0.030729 seconds 
========================================================================
Received Import Request.
  Time since last request: 0.000077 seconds.
  path: Packages/com.unity.netcode.gameobjects/Components/com.unity.netcode.components.asmdef
  artifactKey: Guid(3b8ed52f1b5c64994af4c4e0aa4b6c4b) Importer(815301076,1909f56bfc062723c751e8b465ee728b)
Start importing Packages/com.unity.netcode.gameobjects/Components/com.unity.netcode.components.asmdef using Guid(3b8ed52f1b5c64994af4c4e0aa4b6c4b) Importer(815301076,1909f56bfc062723c751e8b465ee728b)  -> (artifact id: '62721d5d817bf21c13fcb12780835a96') in 0.021757 seconds 
========================================================================
Received Import Request.
  Time since last request: 0.009563 seconds.
  path: Packages/com.unity.render-pipelines.universal/ShaderLibrary/UniversalDOTSInstancing.hlsl
  artifactKey: Guid(91bd1404255c4cb28a6c81f20300308f) Importer(815301076,1909f56bfc062723c751e8b465ee728b)
Start importing Packages/com.unity.render-pipelines.universal/ShaderLibrary/UniversalDOTSInstancing.hlsl using Guid(91bd1404255c4cb28a6c81f20300308f) Importer(815301076,1909f56bfc062723c751e8b465ee728b)  -> (artifact id: '056595540b57fbe039891963880ce4d5') in 0.032595 seconds 
========================================================================
Received Import Request.
  Time since last request: 0.000038 seconds.
  path: Packages/com.unity.render-pipelines.universal/Runtime/Data/UniversalRenderPipelineEditorResources.asset
  artifactKey: Guid(a3d8d823eedde654bb4c11a1cfaf1abb) Importer(815301076,1909f56bfc062723c751e8b465ee728b)
Start importing Packages/com.unity.render-pipelines.universal/Runtime/Data/UniversalRenderPipelineEditorResources.asset using Guid(a3d8d823eedde654bb4c11a1cfaf1abb) Importer(815301076,1909f56bfc062723c751e8b465ee728b)  -> (artifact id: '7cc082433bf1e69feec525e744d1db5c') in 0.073363 seconds 
========================================================================
Received Import Request.
  Time since last request: 0.000162 seconds.
  path: Packages/com.unity.render-pipelines.universal/ShaderLibrary/UniversalMetaPass.hlsl
  artifactKey: Guid(573542356fb54fe4583ff78639189cf8) Importer(815301076,1909f56bfc062723c751e8b465ee728b)
Start importing Packages/com.unity.render-pipelines.universal/ShaderLibrary/UniversalMetaPass.hlsl using Guid(573542356fb54fe4583ff78639189cf8) Importer(815301076,1909f56bfc062723c751e8b465ee728b)  -> (artifact id: 'a37373c2908f248f798aa489c48aeaf0') in 0.022783 seconds 
Editor requested this worker to shutdown with reason: Scaling down because of idle timeout
AssetImportWorker is now disconnected from the server
Process exiting
Exiting without the bug reporter. Application will terminate with return code 0