Using pre-set license
Built from '2021.3/staging' branch; Version is '2021.3.21f1 (1b156197d683) revision 1774945'; Using compiler version '192829333'; Build Type 'Release'
OS: 'Windows 11  (10.0.22621) 64bit Professional' Language: 'ko' Physical Memory: 32606 MB
BatchMode: 1, IsHumanControllingUs: 0, StartBugReporterOnCrash: 0, Is64bit: 1, IsPro: 1

COMMAND LINE ARGUMENTS:
C:\Program Files\Unity\Hub\Editor\2021.3.21f1\Editor\Unity.exe
-adb2
-batchMode
-noUpm
-name
AssetImportWorker9
-projectPath
C:/Users/user/Documents/GitHub/Carbon-Footprint/Carbon-footprint
-logFile
Logs/AssetImportWorker9.log
-srvPort
61180
Successfully changed project path to: C:/Users/user/Documents/GitHub/Carbon-Footprint/Carbon-footprint
C:/Users/user/Documents/GitHub/Carbon-Footprint/Carbon-footprint
[UnityMemory] Configuration Parameters - Can be set up in boot.config
    "memorysetup-bucket-allocator-granularity=16"
    "memorysetup-bucket-allocator-bucket-count=8"
    "memorysetup-bucket-allocator-block-size=33554432"
    "memorysetup-bucket-allocator-block-count=8"
    "memorysetup-main-allocator-block-size=16777216"
    "memorysetup-thread-allocator-block-size=16777216"
    "memorysetup-gfx-main-allocator-block-size=16777216"
    "memorysetup-gfx-thread-allocator-block-size=16777216"
    "memorysetup-cache-allocator-block-size=4194304"
    "memorysetup-typetree-allocator-block-size=2097152"
    "memorysetup-profiler-bucket-allocator-granularity=16"
    "memorysetup-profiler-bucket-allocator-bucket-count=8"
    "memorysetup-profiler-bucket-allocator-block-size=33554432"
    "memorysetup-profiler-bucket-allocator-block-count=8"
    "memorysetup-profiler-allocator-block-size=16777216"
    "memorysetup-profiler-editor-allocator-block-size=1048576"
    "memorysetup-temp-allocator-size-main=16777216"
    "memorysetup-job-temp-allocator-block-size=2097152"
    "memorysetup-job-temp-allocator-block-size-background=1048576"
    "memorysetup-job-temp-allocator-reduction-small-platforms=262144"
    "memorysetup-temp-allocator-size-background-worker=32768"
    "memorysetup-temp-allocator-size-job-worker=262144"
    "memorysetup-temp-allocator-size-preload-manager=33554432"
    "memorysetup-temp-allocator-size-nav-mesh-worker=65536"
    "memorysetup-temp-allocator-size-audio-worker=65536"
    "memorysetup-temp-allocator-size-cloud-worker=32768"
    "memorysetup-temp-allocator-size-gi-baking-worker=262144"
    "memorysetup-temp-allocator-size-gfx=262144"
Player connection [20740] Host "[IP] 211.216.167.163 [Port] 0 [Flags] 2 [Guid] 3934085222 [EditorId] 3934085222 [Version] 1048832 [Id] WindowsEditor(7,Beautygirls) [Debug] 1 [PackageName] WindowsEditor [ProjectName] Editor" joined multi-casting on [225.0.0.222:54997]...

Player connection [20740] Host "[IP] 211.216.167.163 [Port] 0 [Flags] 2 [Guid] 3934085222 [EditorId] 3934085222 [Version] 1048832 [Id] WindowsEditor(7,Beautygirls) [Debug] 1 [PackageName] WindowsEditor [ProjectName] Editor" joined alternative multi-casting on [225.0.0.222:34997]...

Refreshing native plugins compatible for Editor in 51.46 ms, found 3 plugins.
Preloading 0 native plugins for Editor in 0.00 ms.
Initialize engine version: 2021.3.21f1 (1b156197d683)
[Subsystems] Discovering subsystems at path C:/Program Files/Unity/Hub/Editor/2021.3.21f1/Editor/Data/Resources/UnitySubsystems
[Subsystems] Discovering subsystems at path C:/Users/user/Documents/GitHub/Carbon-Footprint/Carbon-footprint/Assets
GfxDevice: creating device client; threaded=0; jobified=0
Direct3D:
    Version:  Direct3D 11.0 [level 11.1]
    Renderer: NVIDIA GeForce RTX 3060 Ti (ID=0x2489)
    Vendor:   NVIDIA
    VRAM:     8038 MB
    Driver:   31.0.15.2824
Initialize mono
Mono path[0] = 'C:/Program Files/Unity/Hub/Editor/2021.3.21f1/Editor/Data/Managed'
Mono path[1] = 'C:/Program Files/Unity/Hub/Editor/2021.3.21f1/Editor/Data/MonoBleedingEdge/lib/mono/unityjit-win32'
Mono config path = 'C:/Program Files/Unity/Hub/Editor/2021.3.21f1/Editor/Data/MonoBleedingEdge/etc'
Using monoOptions --debugger-agent=transport=dt_socket,embedding=1,server=y,suspend=n,address=127.0.0.1:56920
Begin MonoManager ReloadAssembly
Registering precompiled unity dll's ...
Register platform support module: C:/Program Files/Unity/Hub/Editor/2021.3.21f1/Editor/Data/PlaybackEngines/WebGLSupport/UnityEditor.WebGL.Extensions.dll
Register platform support module: C:/Program Files/Unity/Hub/Editor/2021.3.21f1/Editor/Data/PlaybackEngines/AndroidPlayer/UnityEditor.Android.Extensions.dll
Register platform support module: C:/Program Files/Unity/Hub/Editor/2021.3.21f1/Editor/Data/PlaybackEngines/iOSSupport/UnityEditor.iOS.Extensions.dll
Register platform support module: C:/Program Files/Unity/Hub/Editor/2021.3.21f1/Editor/Data/PlaybackEngines/WindowsStandaloneSupport/UnityEditor.WindowsStandalone.Extensions.dll
Registered in 0.011759 seconds.
Native extension for WindowsStandalone target not found
[usbmuxd] Start listen thread
[usbmuxd] Listen thread started
Native extension for iOS target not found
Native extension for Android target not found
Android Extension - Scanning For ADB Devices 175 ms
Native extension for WebGL target not found
Refreshing native plugins compatible for Editor in 49.96 ms, found 3 plugins.
Preloading 0 native plugins for Editor in 0.00 ms.
Mono: successfully reloaded assembly
- Completed reload, in  0.663 seconds
Domain Reload Profiling:
	ReloadAssembly (663ms)
		BeginReloadAssembly (73ms)
			ExecutionOrderSort (0ms)
			DisableScriptedObjects (0ms)
			BackupInstance (0ms)
			ReleaseScriptingObjects (0ms)
			CreateAndSetChildDomain (1ms)
		EndReloadAssembly (509ms)
			LoadAssemblies (71ms)
			RebuildTransferFunctionScriptingTraits (0ms)
			SetupTypeCache (75ms)
			ReleaseScriptCaches (0ms)
			RebuildScriptCaches (18ms)
			SetupLoadedEditorAssemblies (375ms)
				LogAssemblyErrors (0ms)
				InitializePlatformSupportModulesInManaged (233ms)
				SetLoadedEditorAssemblies (0ms)
				RefreshPlugins (50ms)
				BeforeProcessingInitializeOnLoad (1ms)
				ProcessInitializeOnLoadAttributes (61ms)
				ProcessInitializeOnLoadMethodAttributes (29ms)
				AfterProcessingInitializeOnLoad (0ms)
				EditorAssembliesLoaded (0ms)
			ExecutionOrderSort2 (0ms)
			AwakeInstancesAfterBackupRestoration (0ms)
Platform modules already initialized, skipping
Registering precompiled user dll's ...
Registered in 0.004870 seconds.
Begin MonoManager ReloadAssembly
Symbol file LoadedFromMemory doesn't match image C:\Users\user\Documents\GitHub\Carbon-Footprint\Carbon-footprint\Library\PackageCache\com.unity.visualscripting@1.8.0\Editor\VisualScripting.Core\Dependencies\YamlDotNet\Unity.VisualScripting.YamlDotNet.dll
Symbol file LoadedFromMemory doesn't match image C:\Users\user\Documents\GitHub\Carbon-Footprint\Carbon-footprint\Library\PackageCache\com.unity.visualscripting@1.8.0\Editor\VisualScripting.Core\Dependencies\DotNetZip\Unity.VisualScripting.IonicZip.dll
Native extension for WindowsStandalone target not found
Native extension for iOS target not found
Native extension for Android target not found
Native extension for WebGL target not found
Refreshing native plugins compatible for Editor in 0.38 ms, found 3 plugins.
Preloading 0 native plugins for Editor in 0.00 ms.
Mono: successfully reloaded assembly
- Completed reload, in  0.714 seconds
Domain Reload Profiling:
	ReloadAssembly (714ms)
		BeginReloadAssembly (93ms)
			ExecutionOrderSort (0ms)
			DisableScriptedObjects (4ms)
			BackupInstance (0ms)
			ReleaseScriptingObjects (0ms)
			CreateAndSetChildDomain (14ms)
		EndReloadAssembly (540ms)
			LoadAssemblies (77ms)
			RebuildTransferFunctionScriptingTraits (0ms)
			SetupTypeCache (182ms)
			ReleaseScriptCaches (0ms)
			RebuildScriptCaches (30ms)
			SetupLoadedEditorAssemblies (235ms)
				LogAssemblyErrors (0ms)
				InitializePlatformSupportModulesInManaged (23ms)
				SetLoadedEditorAssemblies (0ms)
				RefreshPlugins (0ms)
				BeforeProcessingInitializeOnLoad (53ms)
				ProcessInitializeOnLoadAttributes (132ms)
				ProcessInitializeOnLoadMethodAttributes (17ms)
				AfterProcessingInitializeOnLoad (9ms)
				EditorAssembliesLoaded (0ms)
			ExecutionOrderSort2 (0ms)
			AwakeInstancesAfterBackupRestoration (4ms)
Platform modules already initialized, skipping
========================================================================
Worker process is ready to serve import requests
Launched and connected shader compiler UnityShaderCompiler.exe after 0.02 seconds
Refreshing native plugins compatible for Editor in 0.36 ms, found 3 plugins.
Preloading 0 native plugins for Editor in 0.00 ms.
Unloading 3160 Unused Serialized files (Serialized files now loaded: 0)
Unloading 25 unused Assets / (30.2 KB). Loaded Objects now: 3629.
Memory consumption went from 113.0 MB to 113.0 MB.
Total: 2.021000 ms (FindLiveObjects: 0.151800 ms CreateObjectMapping: 0.067800 ms MarkObjects: 1.780800 ms  DeleteObjects: 0.019900 ms)

AssetImportParameters requested are different than current active one (requested -> active):
  custom:video-decoder-ogg-theora: a1e56fd34408186e4bbccfd4996cb3dc -> 
  custom:container-muxer-webm: aa71ff27fc2769a1b78a27578f13a17b -> 
  custom:container-demuxer-webm: 4f35f7cbe854078d1ac9338744f61a02 -> 
  custom:video-encoder-webm-vp8: eb34c28f22e8b96e1ab97ce403110664 -> 
  custom:video-codec-MediaFoundation-h265: 746d11721c4dcdbdad8f713fa42b33f4 -> 
  custom:audio-encoder-webm-vorbis: bf7c407c2cedff20999df2af8eb42d56 -> 
  custom:framework-win-MediaFoundation: 216162199b28c13a410421893ffa2e32 -> 
  custom:SearchIndexIgnoredProperties: e643bd26f0fe6173181afceb89e7c659 -> 
  custom:container-demuxer-ogg: 62fdf1f143b41e24485cea50d1cbac27 -> 
  custom:video-decoder-webm-vp8: 9c59270c3fd7afecdb556c50c9e8de78 -> 
  custom:audio-decoder-ogg-vorbis: bf7c407c2cedff20999df2af8eb42d56 -> 
========================================================================
Received Import Request.
  Time since last request: 365834.598671 seconds.
  path: Assets/Art/Cainos/Pixel Art Top Down - Basic/Tile Palette/TP Grass/TX Tileset Grass Pavement 7.asset
  artifactKey: Guid(bcf612aaeb488bf48b64a976b440426d) Importer(815301076,1909f56bfc062723c751e8b465ee728b)
Start importing Assets/Art/Cainos/Pixel Art Top Down - Basic/Tile Palette/TP Grass/TX Tileset Grass Pavement 7.asset using Guid(bcf612aaeb488bf48b64a976b440426d) Importer(815301076,1909f56bfc062723c751e8b465ee728b)  -> (artifact id: '001aa75d2e34cd527f5d032feae40516') in 0.039629 seconds 
========================================================================
Received Import Request.
  Time since last request: 0.394989 seconds.
  path: Assets/Art/Cainos/Pixel Art Top Down - Basic/Tile Palette/TP Grass/TX Tileset Grass Flower 10.asset
  artifactKey: Guid(5b0fa72a7621582478a135416a07cddb) Importer(815301076,1909f56bfc062723c751e8b465ee728b)
Start importing Assets/Art/Cainos/Pixel Art Top Down - Basic/Tile Palette/TP Grass/TX Tileset Grass Flower 10.asset using Guid(5b0fa72a7621582478a135416a07cddb) Importer(815301076,1909f56bfc062723c751e8b465ee728b)  -> (artifact id: '7e685cd40e053b022a2317f11b9a2750') in 0.008427 seconds 
========================================================================
Received Import Request.
  Time since last request: 0.000011 seconds.
  path: Assets/Art/Cainos/Pixel Art Top Down - Basic/Tile Palette/TP Grass/TX Tileset Grass Flower 14.asset
  artifactKey: Guid(6af3ae26591b05548b82024e5520c670) Importer(815301076,1909f56bfc062723c751e8b465ee728b)
Start importing Assets/Art/Cainos/Pixel Art Top Down - Basic/Tile Palette/TP Grass/TX Tileset Grass Flower 14.asset using Guid(6af3ae26591b05548b82024e5520c670) Importer(815301076,1909f56bfc062723c751e8b465ee728b)  -> (artifact id: '5f00326d6667357232156da52189a036') in 0.005270 seconds 
========================================================================
Received Import Request.
  Time since last request: 0.000013 seconds.
  path: Assets/Art/Cainos/Pixel Art Top Down - Basic/Tile Palette/TP Grass/TX Tileset Grass Flower 13.asset
  artifactKey: Guid(57824cd7e1612d14090d617a256eca53) Importer(815301076,1909f56bfc062723c751e8b465ee728b)
Start importing Assets/Art/Cainos/Pixel Art Top Down - Basic/Tile Palette/TP Grass/TX Tileset Grass Flower 13.asset using Guid(57824cd7e1612d14090d617a256eca53) Importer(815301076,1909f56bfc062723c751e8b465ee728b)  -> (artifact id: '81e37a8f41c7850ba6a2cbb22692cbb6') in 0.006807 seconds 
========================================================================
Received Import Request.
  Time since last request: 182.429610 seconds.
  path: Assets/Art/Cainos/Pixel Art Top Down - Basic/Tile Palette/TP Wall/TX Shadow Tileset Wall 2.asset
  artifactKey: Guid(2f3b07d6ad9eccc47b6cd451a5df9a45) Importer(815301076,1909f56bfc062723c751e8b465ee728b)
Start importing Assets/Art/Cainos/Pixel Art Top Down - Basic/Tile Palette/TP Wall/TX Shadow Tileset Wall 2.asset using Guid(2f3b07d6ad9eccc47b6cd451a5df9a45) Importer(815301076,1909f56bfc062723c751e8b465ee728b)  -> (artifact id: 'fec6959bf40a2dcaf43e452da637fee1') in 0.010640 seconds 
========================================================================
Received Import Request.
  Time since last request: 0.000018 seconds.
  path: Assets/Art/Cainos/Pixel Art Top Down - Basic/Tile Palette/TP Wall/TX Tileset Wall_11.asset
  artifactKey: Guid(36e182cf0ef2dec409ddaf4c55dad76e) Importer(815301076,1909f56bfc062723c751e8b465ee728b)
Start importing Assets/Art/Cainos/Pixel Art Top Down - Basic/Tile Palette/TP Wall/TX Tileset Wall_11.asset using Guid(36e182cf0ef2dec409ddaf4c55dad76e) Importer(815301076,1909f56bfc062723c751e8b465ee728b)  -> (artifact id: 'd2c478b0eb33cf64bb3bff009889ce66') in 0.006127 seconds 
========================================================================
Received Import Request.
  Time since last request: 0.000015 seconds.
  path: Assets/Art/Cainos/Pixel Art Top Down - Basic/Tile Palette/TP Wall/TX Tileset Wall_1.asset
  artifactKey: Guid(8db82f4787b62ca4091d3ae9b71b58ef) Importer(815301076,1909f56bfc062723c751e8b465ee728b)
Start importing Assets/Art/Cainos/Pixel Art Top Down - Basic/Tile Palette/TP Wall/TX Tileset Wall_1.asset using Guid(8db82f4787b62ca4091d3ae9b71b58ef) Importer(815301076,1909f56bfc062723c751e8b465ee728b)  -> (artifact id: '01916842e43a493665bf17953d206133') in 0.005079 seconds 
========================================================================
Received Import Request.
  Time since last request: 0.000014 seconds.
  path: Assets/Art/Cainos/Pixel Art Top Down - Basic/Tile Palette/TP Wall/TX Tileset Wall_15.asset
  artifactKey: Guid(c0f664a74aa88e144b91be61242700c8) Importer(815301076,1909f56bfc062723c751e8b465ee728b)
Start importing Assets/Art/Cainos/Pixel Art Top Down - Basic/Tile Palette/TP Wall/TX Tileset Wall_15.asset using Guid(c0f664a74aa88e144b91be61242700c8) Importer(815301076,1909f56bfc062723c751e8b465ee728b)  -> (artifact id: '816173832131cf096bfec4e575cadb38') in 0.008899 seconds 
========================================================================
Received Import Request.
  Time since last request: 0.000013 seconds.
  path: Assets/Art/Cainos/Pixel Art Top Down - Basic/Tile Palette/TP Wall/TX Tileset Wall_26.asset
  artifactKey: Guid(482f111f39d0bb54587ed8f02772d8d6) Importer(815301076,1909f56bfc062723c751e8b465ee728b)
Start importing Assets/Art/Cainos/Pixel Art Top Down - Basic/Tile Palette/TP Wall/TX Tileset Wall_26.asset using Guid(482f111f39d0bb54587ed8f02772d8d6) Importer(815301076,1909f56bfc062723c751e8b465ee728b)  -> (artifact id: '4d361af84fb850ef00cc5bca1709e293') in 0.005436 seconds 
========================================================================
Received Import Request.
  Time since last request: 0.000014 seconds.
  path: Assets/Art/Cainos/Pixel Art Top Down - Basic/Tile Palette/TP Wall/TX Tileset Wall_18.asset
  artifactKey: Guid(de17a1cff7186dc4e81bd03c2256da56) Importer(815301076,1909f56bfc062723c751e8b465ee728b)
Start importing Assets/Art/Cainos/Pixel Art Top Down - Basic/Tile Palette/TP Wall/TX Tileset Wall_18.asset using Guid(de17a1cff7186dc4e81bd03c2256da56) Importer(815301076,1909f56bfc062723c751e8b465ee728b)  -> (artifact id: '8cd803211419a77de13085c30f7abb4f') in 0.005200 seconds 
========================================================================
Received Import Request.
  Time since last request: 0.000014 seconds.
  path: Assets/Art/Cainos/Pixel Art Top Down - Basic/Tile Palette/TP Wall/TX Tileset Wall_0.asset
  artifactKey: Guid(adf1e302fb349784ba09184eb69dfd8f) Importer(815301076,1909f56bfc062723c751e8b465ee728b)
Start importing Assets/Art/Cainos/Pixel Art Top Down - Basic/Tile Palette/TP Wall/TX Tileset Wall_0.asset using Guid(adf1e302fb349784ba09184eb69dfd8f) Importer(815301076,1909f56bfc062723c751e8b465ee728b)  -> (artifact id: '61d388b156b1e21d455593a7b97c8a63') in 0.004899 seconds 
========================================================================
Received Import Request.
  Time since last request: 0.000015 seconds.
  path: Assets/Art/Cainos/Pixel Art Top Down - Basic/Tile Palette/TP Wall/TX Tileset Wall_3.asset
  artifactKey: Guid(e56da427db9e7c147b3012603805adf9) Importer(815301076,1909f56bfc062723c751e8b465ee728b)
Start importing Assets/Art/Cainos/Pixel Art Top Down - Basic/Tile Palette/TP Wall/TX Tileset Wall_3.asset using Guid(e56da427db9e7c147b3012603805adf9) Importer(815301076,1909f56bfc062723c751e8b465ee728b)  -> (artifact id: '0a9502ca534eaf71d24dbb25b179aad9') in 0.005470 seconds 
========================================================================
Received Import Request.
  Time since last request: 0.000011 seconds.
  path: Assets/Art/Cainos/Pixel Art Top Down - Basic/Tile Palette/TP Wall/TX Tileset Wall_22.asset
  artifactKey: Guid(2af854022baea474ba380cc6be59d552) Importer(815301076,1909f56bfc062723c751e8b465ee728b)
Start importing Assets/Art/Cainos/Pixel Art Top Down - Basic/Tile Palette/TP Wall/TX Tileset Wall_22.asset using Guid(2af854022baea474ba380cc6be59d552) Importer(815301076,1909f56bfc062723c751e8b465ee728b)  -> (artifact id: '3ed4633cff0fe9b53372b8c4d29c30df') in 0.004692 seconds 
========================================================================
Received Import Request.
  Time since last request: 0.000011 seconds.
  path: Assets/Art/Cainos/Pixel Art Top Down - Basic/Tile Palette/TP Wall/TX Tileset Wall_20.asset
  artifactKey: Guid(ed50a80c6ba59cf428ffc19f53876b01) Importer(815301076,1909f56bfc062723c751e8b465ee728b)
Start importing Assets/Art/Cainos/Pixel Art Top Down - Basic/Tile Palette/TP Wall/TX Tileset Wall_20.asset using Guid(ed50a80c6ba59cf428ffc19f53876b01) Importer(815301076,1909f56bfc062723c751e8b465ee728b)  -> (artifact id: '7c7bbcf3c0b058df4ff3fd8535e89a55') in 0.004692 seconds 
========================================================================
Received Import Request.
  Time since last request: 0.000052 seconds.
  path: Assets/Art/Cainos/Pixel Art Top Down - Basic/Tile Palette/TP Wall/TX Tileset Wall_4.asset
  artifactKey: Guid(b6bf52d8442ce1847a688215b6ba04da) Importer(815301076,1909f56bfc062723c751e8b465ee728b)
Start importing Assets/Art/Cainos/Pixel Art Top Down - Basic/Tile Palette/TP Wall/TX Tileset Wall_4.asset using Guid(b6bf52d8442ce1847a688215b6ba04da) Importer(815301076,1909f56bfc062723c751e8b465ee728b)  -> (artifact id: '6cbef39e70083eafc3bfe8163cfdbd7e') in 0.004477 seconds 
========================================================================
Received Import Request.
  Time since last request: 0.000014 seconds.
  path: Assets/Art/Cainos/Pixel Art Top Down - Basic/Tile Palette/TP Wall/TX Tileset Wall_2.asset
  artifactKey: Guid(c30a836c12b5ca046b8850c5500adff0) Importer(815301076,1909f56bfc062723c751e8b465ee728b)
Start importing Assets/Art/Cainos/Pixel Art Top Down - Basic/Tile Palette/TP Wall/TX Tileset Wall_2.asset using Guid(c30a836c12b5ca046b8850c5500adff0) Importer(815301076,1909f56bfc062723c751e8b465ee728b)  -> (artifact id: '9c464a7b6272769e2fffc1281ccf5357') in 0.006414 seconds 
========================================================================
Received Import Request.
  Time since last request: 0.000012 seconds.
  path: Assets/Art/Cainos/Pixel Art Top Down - Basic/Tile Palette/TP Wall/TX Tileset Wall_25.asset
  artifactKey: Guid(8be27a7af89a7164283e45689a61753d) Importer(815301076,1909f56bfc062723c751e8b465ee728b)
Start importing Assets/Art/Cainos/Pixel Art Top Down - Basic/Tile Palette/TP Wall/TX Tileset Wall_25.asset using Guid(8be27a7af89a7164283e45689a61753d) Importer(815301076,1909f56bfc062723c751e8b465ee728b)  -> (artifact id: '3e57d57a48c090e36406840432b04f5e') in 0.006205 seconds 
========================================================================
Received Import Request.
  Time since last request: 0.000012 seconds.
  path: Assets/Art/Cainos/Pixel Art Top Down - Basic/Tile Palette/TP Wall/TX Tileset Wall_14.asset
  artifactKey: Guid(f5bce4b9585a8514e81572c61b5b6460) Importer(815301076,1909f56bfc062723c751e8b465ee728b)
Start importing Assets/Art/Cainos/Pixel Art Top Down - Basic/Tile Palette/TP Wall/TX Tileset Wall_14.asset using Guid(f5bce4b9585a8514e81572c61b5b6460) Importer(815301076,1909f56bfc062723c751e8b465ee728b)  -> (artifact id: '3d7b82b91d4449a0761a266e21d6f765') in 0.004713 seconds 
========================================================================
Received Import Request.
  Time since last request: 0.000012 seconds.
  path: Assets/Art/Cainos/Pixel Art Top Down - Basic/Tile Palette/TP Wall/TX Tileset Wall_12.asset
  artifactKey: Guid(6320326b04ba6144f9e518073c3a753d) Importer(815301076,1909f56bfc062723c751e8b465ee728b)
Start importing Assets/Art/Cainos/Pixel Art Top Down - Basic/Tile Palette/TP Wall/TX Tileset Wall_12.asset using Guid(6320326b04ba6144f9e518073c3a753d) Importer(815301076,1909f56bfc062723c751e8b465ee728b)  -> (artifact id: 'e21dda7d21e806e7a6d2519a0b8e063e') in 0.007153 seconds 
========================================================================
Received Import Request.
  Time since last request: 0.000012 seconds.
  path: Assets/Art/Cainos/Pixel Art Top Down - Basic/Tile Palette/TP Wall/TX Shadow Tileset Wall 4.asset
  artifactKey: Guid(e787fdd8f60de2c4eb002b7e8cd621fb) Importer(815301076,1909f56bfc062723c751e8b465ee728b)
Start importing Assets/Art/Cainos/Pixel Art Top Down - Basic/Tile Palette/TP Wall/TX Shadow Tileset Wall 4.asset using Guid(e787fdd8f60de2c4eb002b7e8cd621fb) Importer(815301076,1909f56bfc062723c751e8b465ee728b)  -> (artifact id: 'be3224c52f3fae2f8e13709e4fdd76cf') in 0.005912 seconds 
========================================================================
Received Import Request.
  Time since last request: 3.516368 seconds.
  path: Assets/Art/Cainos/Pixel Art Top Down - Basic/Tile Palette/TP Grass/TX Tileset Grass 2.asset
  artifactKey: Guid(6da925407638afc4db4e37eb2ec98c76) Importer(815301076,1909f56bfc062723c751e8b465ee728b)
Start importing Assets/Art/Cainos/Pixel Art Top Down - Basic/Tile Palette/TP Grass/TX Tileset Grass 2.asset using Guid(6da925407638afc4db4e37eb2ec98c76) Importer(815301076,1909f56bfc062723c751e8b465ee728b)  -> (artifact id: '88253e1ffdaae304dc46ab7cd57bd39b') in 0.007250 seconds 
========================================================================
Received Import Request.
  Time since last request: 0.000012 seconds.
  path: Assets/Art/Cainos/Pixel Art Top Down - Basic/Tile Palette/TP Grass/TX Tileset Grass Flower 2.asset
  artifactKey: Guid(0cb9748ff72f7c74ab513387ceba11ad) Importer(815301076,1909f56bfc062723c751e8b465ee728b)
Start importing Assets/Art/Cainos/Pixel Art Top Down - Basic/Tile Palette/TP Grass/TX Tileset Grass Flower 2.asset using Guid(0cb9748ff72f7c74ab513387ceba11ad) Importer(815301076,1909f56bfc062723c751e8b465ee728b)  -> (artifact id: '4a1be6055e38415df55f1fb9dfac5cbb') in 0.004933 seconds 
========================================================================
Received Import Request.
  Time since last request: 0.000014 seconds.
  path: Assets/Art/Cainos/Pixel Art Top Down - Basic/Tile Palette/TP Grass/TX Tileset Grass Flower 5.asset
  artifactKey: Guid(fedd651a42c94b044bf92e0da3bb53df) Importer(815301076,1909f56bfc062723c751e8b465ee728b)
Start importing Assets/Art/Cainos/Pixel Art Top Down - Basic/Tile Palette/TP Grass/TX Tileset Grass Flower 5.asset using Guid(fedd651a42c94b044bf92e0da3bb53df) Importer(815301076,1909f56bfc062723c751e8b465ee728b)  -> (artifact id: '3aba6fc99008210203e543656d59c249') in 0.006019 seconds 
========================================================================
Received Import Request.
  Time since last request: 0.000012 seconds.
  path: Assets/Art/Cainos/Pixel Art Top Down - Basic/Tile Palette/TP Grass/TX Tileset Grass Flower 7.asset
  artifactKey: Guid(8743c8559250174429e1d0c2e08b2e77) Importer(815301076,1909f56bfc062723c751e8b465ee728b)
Start importing Assets/Art/Cainos/Pixel Art Top Down - Basic/Tile Palette/TP Grass/TX Tileset Grass Flower 7.asset using Guid(8743c8559250174429e1d0c2e08b2e77) Importer(815301076,1909f56bfc062723c751e8b465ee728b)  -> (artifact id: 'c269c9c59426962781a4ab6944d27370') in 0.004551 seconds 
========================================================================
Received Import Request.
  Time since last request: 0.000014 seconds.
  path: Assets/Art/Cainos/Pixel Art Top Down - Basic/Tile Palette/TP Grass/TX Tileset Grass 6.asset
  artifactKey: Guid(463040bb33823754e9e159a83e20321a) Importer(815301076,1909f56bfc062723c751e8b465ee728b)
Start importing Assets/Art/Cainos/Pixel Art Top Down - Basic/Tile Palette/TP Grass/TX Tileset Grass 6.asset using Guid(463040bb33823754e9e159a83e20321a) Importer(815301076,1909f56bfc062723c751e8b465ee728b)  -> (artifact id: 'b1cae754610f851c482f625bc2b729d5') in 0.005471 seconds 
========================================================================
Received Import Request.
  Time since last request: 0.000015 seconds.
  path: Assets/Art/Cainos/Pixel Art Top Down - Basic/Tile Palette/TP Grass/TX Tileset Grass 10.asset
  artifactKey: Guid(76a0eb89921157e448ea699f93e95564) Importer(815301076,1909f56bfc062723c751e8b465ee728b)
Start importing Assets/Art/Cainos/Pixel Art Top Down - Basic/Tile Palette/TP Grass/TX Tileset Grass 10.asset using Guid(76a0eb89921157e448ea699f93e95564) Importer(815301076,1909f56bfc062723c751e8b465ee728b)  -> (artifact id: 'c6c4f840e20305bfd0cfe659e8141f1b') in 0.005520 seconds 
========================================================================
Received Import Request.
  Time since last request: 0.000011 seconds.
  path: Assets/Art/Cainos/Pixel Art Top Down - Basic/Tile Palette/TP Grass/TX Tileset Grass 13.asset
  artifactKey: Guid(8143e435c2ff5f342951e4e9991c11ea) Importer(815301076,1909f56bfc062723c751e8b465ee728b)
Start importing Assets/Art/Cainos/Pixel Art Top Down - Basic/Tile Palette/TP Grass/TX Tileset Grass 13.asset using Guid(8143e435c2ff5f342951e4e9991c11ea) Importer(815301076,1909f56bfc062723c751e8b465ee728b)  -> (artifact id: '1c09a4585e41f75c046357612f15c833') in 0.006959 seconds 
========================================================================
Received Import Request.
  Time since last request: 0.000012 seconds.
  path: Assets/Art/Cainos/Pixel Art Top Down - Basic/Tile Palette/TP Grass/TX Tileset Grass Flower 6.asset
  artifactKey: Guid(162b2c3c7ed3c8240995ad1799a0339a) Importer(815301076,1909f56bfc062723c751e8b465ee728b)
Start importing Assets/Art/Cainos/Pixel Art Top Down - Basic/Tile Palette/TP Grass/TX Tileset Grass Flower 6.asset using Guid(162b2c3c7ed3c8240995ad1799a0339a) Importer(815301076,1909f56bfc062723c751e8b465ee728b)  -> (artifact id: '37cdf9661d03bbb35b2d77d22c0cac89') in 0.004696 seconds 
========================================================================
Received Import Request.
  Time since last request: 0.000012 seconds.
  path: Assets/Art/Cainos/Pixel Art Top Down - Basic/Tile Palette/TP Grass/TX Tileset Grass 4.asset
  artifactKey: Guid(fedab419fdbdeea488795e51c83727c9) Importer(815301076,1909f56bfc062723c751e8b465ee728b)
Start importing Assets/Art/Cainos/Pixel Art Top Down - Basic/Tile Palette/TP Grass/TX Tileset Grass 4.asset using Guid(fedab419fdbdeea488795e51c83727c9) Importer(815301076,1909f56bfc062723c751e8b465ee728b)  -> (artifact id: 'de6e35c2ae68c5b3b350ea958c6076d3') in 0.005526 seconds 
Editor requested this worker to shutdown with reason: Scaling down because of idle timeout
AssetImportWorker is now disconnected from the server
Process exiting
Exiting without the bug reporter. Application will terminate with return code 0